2022-11-18 17:15:46,400 - Log4JLogChute initialized using file 'velocity.log'
2022-11-18 17:15:46,400 - Velocity was not initialized! Calling init()...
2022-11-18 17:15:46,400 - Starting Apache Velocity v1.5 (compiled: 2007-02-22 08:52:29)
2022-11-18 17:15:46,400 - Default Properties File: org\apache\velocity\runtime\defaults\velocity.properties
2022-11-18 17:15:46,400 - Trying to use logger class org.apache.velocity.runtime.log.AvalonLogChute
2022-11-18 17:15:46,400 - Couldn't find class org.apache.velocity.runtime.log.AvalonLogChute or necessary supporting classes in classpath.
java.lang.NoClassDefFoundError: org/apache/log/format/Formatter
	at java.base/java.lang.Class.forName0(Native Method)
	at java.base/java.lang.Class.forName(Class.java:467)
	at org.apache.velocity.util.ClassUtils.getClass(ClassUtils.java:63)
	at org.apache.velocity.util.ClassUtils.getNewInstance(ClassUtils.java:95)
	at org.apache.velocity.runtime.log.LogManager.createLogChute(LogManager.java:147)
	at org.apache.velocity.runtime.log.LogManager.updateLog(LogManager.java:208)
	at org.apache.velocity.runtime.RuntimeInstance.initializeLog(RuntimeInstance.java:728)
	at org.apache.velocity.runtime.RuntimeInstance.init(RuntimeInstance.java:240)
	at org.apache.velocity.runtime.RuntimeInstance.parse(RuntimeInstance.java:993)
	at org.apache.velocity.runtime.RuntimeInstance.parse(RuntimeInstance.java:972)
	at org.apache.velocity.runtime.RuntimeSingleton.parse(RuntimeSingleton.java:265)
	at org.apache.velocity.app.Velocity.evaluate(Velocity.java:274)
	at org.sonatype.mavenbook.weather.WeatherFormatter.format(WeatherFormatter.java:21)
	at org.sonatype.mavenbook.weather.yahoo.WeatherFormatterTest.testFormat(WeatherFormatterTest.java:23)
	at java.base/jdk.internal.reflect.NativeMethodAccessorImpl.invoke0(Native Method)
	at java.base/jdk.internal.reflect.NativeMethodAccessorImpl.invoke(NativeMethodAccessorImpl.java:77)
	at java.base/jdk.internal.reflect.DelegatingMethodAccessorImpl.invoke(DelegatingMethodAccessorImpl.java:43)
	at java.base/java.lang.reflect.Method.invoke(Method.java:568)
	at junit.framework.TestCase.runTest(TestCase.java:176)
	at junit.framework.TestCase.runBare(TestCase.java:141)
	at junit.framework.TestResult$1.protect(TestResult.java:122)
	at junit.framework.TestResult.runProtected(TestResult.java:142)
	at junit.framework.TestResult.run(TestResult.java:125)
	at junit.framework.TestCase.run(TestCase.java:129)
	at junit.framework.TestSuite.runTest(TestSuite.java:252)
	at junit.framework.TestSuite.run(TestSuite.java:247)
	at org.junit.internal.runners.JUnit38ClassRunner.run(JUnit38ClassRunner.java:86)
	at org.apache.maven.surefire.junit4.JUnit4Provider.execute(JUnit4Provider.java:252)
	at org.apache.maven.surefire.junit4.JUnit4Provider.executeTestSet(JUnit4Provider.java:141)
	at org.apache.maven.surefire.junit4.JUnit4Provider.invoke(JUnit4Provider.java:112)
	at java.base/jdk.internal.reflect.NativeMethodAccessorImpl.invoke0(Native Method)
	at java.base/jdk.internal.reflect.NativeMethodAccessorImpl.invoke(NativeMethodAccessorImpl.java:77)
	at java.base/jdk.internal.reflect.DelegatingMethodAccessorImpl.invoke(DelegatingMethodAccessorImpl.java:43)
	at java.base/java.lang.reflect.Method.invoke(Method.java:568)
	at org.apache.maven.surefire.util.ReflectionUtils.invokeMethodWithArray(ReflectionUtils.java:189)
	at org.apache.maven.surefire.booter.ProviderFactory$ProviderProxy.invoke(ProviderFactory.java:165)
	at org.apache.maven.surefire.booter.ProviderFactory.invokeProvider(ProviderFactory.java:85)
	at org.apache.maven.surefire.booter.ForkedBooter.runSuitesInProcess(ForkedBooter.java:115)
	at org.apache.maven.surefire.booter.ForkedBooter.main(ForkedBooter.java:75)
Caused by: java.lang.ClassNotFoundException: org.apache.log.format.Formatter
	at java.base/jdk.internal.loader.BuiltinClassLoader.loadClass(BuiltinClassLoader.java:641)
	at java.base/jdk.internal.loader.ClassLoaders$AppClassLoader.loadClass(ClassLoaders.java:188)
	at java.base/java.lang.ClassLoader.loadClass(ClassLoader.java:520)
	... 39 more
2022-11-18 17:15:46,402 - Trying to use logger class org.apache.velocity.runtime.log.Log4JLogChute
2022-11-18 17:15:46,402 - Using logger class org.apache.velocity.runtime.log.Log4JLogChute
2022-11-18 17:15:46,403 - Default ResourceManager initializing. (class org.apache.velocity.runtime.resource.ResourceManagerImpl)
2022-11-18 17:15:46,404 - ResourceLoader instantiated: org.apache.velocity.runtime.resource.loader.FileResourceLoader
2022-11-18 17:15:46,404 - Do unicode file recognition:  false
2022-11-18 17:15:46,404 - FileResourceLoader : adding path '.'
2022-11-18 17:15:46,408 - ResourceCache: initialized (class org.apache.velocity.runtime.resource.ResourceCacheImpl)
2022-11-18 17:15:46,409 - Loaded System Directive: org.apache.velocity.runtime.directive.Literal
2022-11-18 17:15:46,409 - Loaded System Directive: org.apache.velocity.runtime.directive.Macro
2022-11-18 17:15:46,410 - Loaded System Directive: org.apache.velocity.runtime.directive.Parse
2022-11-18 17:15:46,410 - Loaded System Directive: org.apache.velocity.runtime.directive.Include
2022-11-18 17:15:46,410 - Loaded System Directive: org.apache.velocity.runtime.directive.Foreach
2022-11-18 17:15:46,420 - Created '20' parsers.
2022-11-18 17:15:46,422 - Velocimacro : "velocimacro.library" is not set.  Trying default library: VM_global_library.vm
2022-11-18 17:15:46,422 - Velocimacro : Default library not found.
2022-11-18 17:15:46,422 - Velocimacro : allowInline = true : VMs can be defined inline in templates
2022-11-18 17:15:46,422 - Velocimacro : allowInlineToOverride = false : VMs defined inline may NOT replace previous VM definitions
2022-11-18 17:15:46,422 - Velocimacro : allowInlineLocal = false : VMs defined inline will be global in scope if allowed.
2022-11-18 17:15:46,422 - Velocimacro : autoload off : VM system will not automatically reload global library macros
2022-11-18 17:17:04,700 - Log4JLogChute initialized using file 'velocity.log'
2022-11-18 17:17:04,701 - Velocity was not initialized! Calling init()...
2022-11-18 17:17:04,701 - Starting Apache Velocity v1.5 (compiled: 2007-02-22 08:52:29)
2022-11-18 17:17:04,701 - Default Properties File: org\apache\velocity\runtime\defaults\velocity.properties
2022-11-18 17:17:04,701 - Trying to use logger class org.apache.velocity.runtime.log.AvalonLogChute
2022-11-18 17:17:04,701 - Couldn't find class org.apache.velocity.runtime.log.AvalonLogChute or necessary supporting classes in classpath.
java.lang.NoClassDefFoundError: org/apache/log/format/Formatter
	at java.base/java.lang.Class.forName0(Native Method)
	at java.base/java.lang.Class.forName(Class.java:467)
	at org.apache.velocity.util.ClassUtils.getClass(ClassUtils.java:63)
	at org.apache.velocity.util.ClassUtils.getNewInstance(ClassUtils.java:95)
	at org.apache.velocity.runtime.log.LogManager.createLogChute(LogManager.java:147)
	at org.apache.velocity.runtime.log.LogManager.updateLog(LogManager.java:208)
	at org.apache.velocity.runtime.RuntimeInstance.initializeLog(RuntimeInstance.java:728)
	at org.apache.velocity.runtime.RuntimeInstance.init(RuntimeInstance.java:240)
	at org.apache.velocity.runtime.RuntimeInstance.parse(RuntimeInstance.java:993)
	at org.apache.velocity.runtime.RuntimeInstance.parse(RuntimeInstance.java:972)
	at org.apache.velocity.runtime.RuntimeSingleton.parse(RuntimeSingleton.java:265)
	at org.apache.velocity.app.Velocity.evaluate(Velocity.java:274)
	at org.sonatype.mavenbook.weather.WeatherFormatter.format(WeatherFormatter.java:21)
	at org.sonatype.mavenbook.weather.yahoo.WeatherFormatterTest.testFormat(WeatherFormatterTest.java:23)
	at java.base/jdk.internal.reflect.NativeMethodAccessorImpl.invoke0(Native Method)
	at java.base/jdk.internal.reflect.NativeMethodAccessorImpl.invoke(NativeMethodAccessorImpl.java:77)
	at java.base/jdk.internal.reflect.DelegatingMethodAccessorImpl.invoke(DelegatingMethodAccessorImpl.java:43)
	at java.base/java.lang.reflect.Method.invoke(Method.java:568)
	at junit.framework.TestCase.runTest(TestCase.java:176)
	at junit.framework.TestCase.runBare(TestCase.java:141)
	at junit.framework.TestResult$1.protect(TestResult.java:122)
	at junit.framework.TestResult.runProtected(TestResult.java:142)
	at junit.framework.TestResult.run(TestResult.java:125)
	at junit.framework.TestCase.run(TestCase.java:129)
	at junit.framework.TestSuite.runTest(TestSuite.java:252)
	at junit.framework.TestSuite.run(TestSuite.java:247)
	at org.junit.internal.runners.JUnit38ClassRunner.run(JUnit38ClassRunner.java:86)
	at org.apache.maven.surefire.junit4.JUnit4Provider.execute(JUnit4Provider.java:252)
	at org.apache.maven.surefire.junit4.JUnit4Provider.executeTestSet(JUnit4Provider.java:141)
	at org.apache.maven.surefire.junit4.JUnit4Provider.invoke(JUnit4Provider.java:112)
	at java.base/jdk.internal.reflect.NativeMethodAccessorImpl.invoke0(Native Method)
	at java.base/jdk.internal.reflect.NativeMethodAccessorImpl.invoke(NativeMethodAccessorImpl.java:77)
	at java.base/jdk.internal.reflect.DelegatingMethodAccessorImpl.invoke(DelegatingMethodAccessorImpl.java:43)
	at java.base/java.lang.reflect.Method.invoke(Method.java:568)
	at org.apache.maven.surefire.util.ReflectionUtils.invokeMethodWithArray(ReflectionUtils.java:189)
	at org.apache.maven.surefire.booter.ProviderFactory$ProviderProxy.invoke(ProviderFactory.java:165)
	at org.apache.maven.surefire.booter.ProviderFactory.invokeProvider(ProviderFactory.java:85)
	at org.apache.maven.surefire.booter.ForkedBooter.runSuitesInProcess(ForkedBooter.java:115)
	at org.apache.maven.surefire.booter.ForkedBooter.main(ForkedBooter.java:75)
Caused by: java.lang.ClassNotFoundException: org.apache.log.format.Formatter
	at java.base/jdk.internal.loader.BuiltinClassLoader.loadClass(BuiltinClassLoader.java:641)
	at java.base/jdk.internal.loader.ClassLoaders$AppClassLoader.loadClass(ClassLoaders.java:188)
	at java.base/java.lang.ClassLoader.loadClass(ClassLoader.java:520)
	... 39 more
2022-11-18 17:17:04,702 - Trying to use logger class org.apache.velocity.runtime.log.Log4JLogChute
2022-11-18 17:17:04,702 - Using logger class org.apache.velocity.runtime.log.Log4JLogChute
2022-11-18 17:17:04,703 - Default ResourceManager initializing. (class org.apache.velocity.runtime.resource.ResourceManagerImpl)
2022-11-18 17:17:04,704 - ResourceLoader instantiated: org.apache.velocity.runtime.resource.loader.FileResourceLoader
2022-11-18 17:17:04,704 - Do unicode file recognition:  false
2022-11-18 17:17:04,704 - FileResourceLoader : adding path '.'
2022-11-18 17:17:04,708 - ResourceCache: initialized (class org.apache.velocity.runtime.resource.ResourceCacheImpl)
2022-11-18 17:17:04,709 - Loaded System Directive: org.apache.velocity.runtime.directive.Literal
2022-11-18 17:17:04,709 - Loaded System Directive: org.apache.velocity.runtime.directive.Macro
2022-11-18 17:17:04,709 - Loaded System Directive: org.apache.velocity.runtime.directive.Parse
2022-11-18 17:17:04,710 - Loaded System Directive: org.apache.velocity.runtime.directive.Include
2022-11-18 17:17:04,710 - Loaded System Directive: org.apache.velocity.runtime.directive.Foreach
2022-11-18 17:17:04,720 - Created '20' parsers.
2022-11-18 17:17:04,722 - Velocimacro : "velocimacro.library" is not set.  Trying default library: VM_global_library.vm
2022-11-18 17:17:04,722 - Velocimacro : Default library not found.
2022-11-18 17:17:04,722 - Velocimacro : allowInline = true : VMs can be defined inline in templates
2022-11-18 17:17:04,722 - Velocimacro : allowInlineToOverride = false : VMs defined inline may NOT replace previous VM definitions
2022-11-18 17:17:04,722 - Velocimacro : allowInlineLocal = false : VMs defined inline will be global in scope if allowed.
2022-11-18 17:17:04,722 - Velocimacro : autoload off : VM system will not automatically reload global library macros
2022-11-18 17:19:31,214 - Log4JLogChute initialized using file 'velocity.log'
2022-11-18 17:19:31,214 - Velocity was not initialized! Calling init()...
2022-11-18 17:19:31,214 - Starting Apache Velocity v1.5 (compiled: 2007-02-22 08:52:29)
2022-11-18 17:19:31,214 - Default Properties File: org\apache\velocity\runtime\defaults\velocity.properties
2022-11-18 17:19:31,214 - Trying to use logger class org.apache.velocity.runtime.log.AvalonLogChute
2022-11-18 17:19:31,215 - Couldn't find class org.apache.velocity.runtime.log.AvalonLogChute or necessary supporting classes in classpath.
java.lang.NoClassDefFoundError: org/apache/log/format/Formatter
	at java.base/java.lang.Class.forName0(Native Method)
	at java.base/java.lang.Class.forName(Class.java:467)
	at org.apache.velocity.util.ClassUtils.getClass(ClassUtils.java:63)
	at org.apache.velocity.util.ClassUtils.getNewInstance(ClassUtils.java:95)
	at org.apache.velocity.runtime.log.LogManager.createLogChute(LogManager.java:147)
	at org.apache.velocity.runtime.log.LogManager.updateLog(LogManager.java:208)
	at org.apache.velocity.runtime.RuntimeInstance.initializeLog(RuntimeInstance.java:728)
	at org.apache.velocity.runtime.RuntimeInstance.init(RuntimeInstance.java:240)
	at org.apache.velocity.runtime.RuntimeInstance.parse(RuntimeInstance.java:993)
	at org.apache.velocity.runtime.RuntimeInstance.parse(RuntimeInstance.java:972)
	at org.apache.velocity.runtime.RuntimeSingleton.parse(RuntimeSingleton.java:265)
	at org.apache.velocity.app.Velocity.evaluate(Velocity.java:274)
	at org.sonatype.mavenbook.weather.WeatherFormatter.format(WeatherFormatter.java:21)
	at org.sonatype.mavenbook.weather.yahoo.WeatherFormatterTest.testFormat(WeatherFormatterTest.java:23)
	at java.base/jdk.internal.reflect.NativeMethodAccessorImpl.invoke0(Native Method)
	at java.base/jdk.internal.reflect.NativeMethodAccessorImpl.invoke(NativeMethodAccessorImpl.java:77)
	at java.base/jdk.internal.reflect.DelegatingMethodAccessorImpl.invoke(DelegatingMethodAccessorImpl.java:43)
	at java.base/java.lang.reflect.Method.invoke(Method.java:568)
	at junit.framework.TestCase.runTest(TestCase.java:176)
	at junit.framework.TestCase.runBare(TestCase.java:141)
	at junit.framework.TestResult$1.protect(TestResult.java:122)
	at junit.framework.TestResult.runProtected(TestResult.java:142)
	at junit.framework.TestResult.run(TestResult.java:125)
	at junit.framework.TestCase.run(TestCase.java:129)
	at junit.framework.TestSuite.runTest(TestSuite.java:252)
	at junit.framework.TestSuite.run(TestSuite.java:247)
	at org.junit.internal.runners.JUnit38ClassRunner.run(JUnit38ClassRunner.java:86)
	at org.apache.maven.surefire.junit4.JUnit4Provider.execute(JUnit4Provider.java:252)
	at org.apache.maven.surefire.junit4.JUnit4Provider.executeTestSet(JUnit4Provider.java:141)
	at org.apache.maven.surefire.junit4.JUnit4Provider.invoke(JUnit4Provider.java:112)
	at java.base/jdk.internal.reflect.NativeMethodAccessorImpl.invoke0(Native Method)
	at java.base/jdk.internal.reflect.NativeMethodAccessorImpl.invoke(NativeMethodAccessorImpl.java:77)
	at java.base/jdk.internal.reflect.DelegatingMethodAccessorImpl.invoke(DelegatingMethodAccessorImpl.java:43)
	at java.base/java.lang.reflect.Method.invoke(Method.java:568)
	at org.apache.maven.surefire.util.ReflectionUtils.invokeMethodWithArray(ReflectionUtils.java:189)
	at org.apache.maven.surefire.booter.ProviderFactory$ProviderProxy.invoke(ProviderFactory.java:165)
	at org.apache.maven.surefire.booter.ProviderFactory.invokeProvider(ProviderFactory.java:85)
	at org.apache.maven.surefire.booter.ForkedBooter.runSuitesInProcess(ForkedBooter.java:115)
	at org.apache.maven.surefire.booter.ForkedBooter.main(ForkedBooter.java:75)
Caused by: java.lang.ClassNotFoundException: org.apache.log.format.Formatter
	at java.base/jdk.internal.loader.BuiltinClassLoader.loadClass(BuiltinClassLoader.java:641)
	at java.base/jdk.internal.loader.ClassLoaders$AppClassLoader.loadClass(ClassLoaders.java:188)
	at java.base/java.lang.ClassLoader.loadClass(ClassLoader.java:520)
	... 39 more
2022-11-18 17:19:31,215 - Trying to use logger class org.apache.velocity.runtime.log.Log4JLogChute
2022-11-18 17:19:31,215 - Using logger class org.apache.velocity.runtime.log.Log4JLogChute
2022-11-18 17:19:31,216 - Default ResourceManager initializing. (class org.apache.velocity.runtime.resource.ResourceManagerImpl)
2022-11-18 17:19:31,217 - ResourceLoader instantiated: org.apache.velocity.runtime.resource.loader.FileResourceLoader
2022-11-18 17:19:31,218 - Do unicode file recognition:  false
2022-11-18 17:19:31,218 - FileResourceLoader : adding path '.'
2022-11-18 17:19:31,222 - ResourceCache: initialized (class org.apache.velocity.runtime.resource.ResourceCacheImpl)
2022-11-18 17:19:31,222 - Loaded System Directive: org.apache.velocity.runtime.directive.Literal
2022-11-18 17:19:31,223 - Loaded System Directive: org.apache.velocity.runtime.directive.Macro
2022-11-18 17:19:31,223 - Loaded System Directive: org.apache.velocity.runtime.directive.Parse
2022-11-18 17:19:31,223 - Loaded System Directive: org.apache.velocity.runtime.directive.Include
2022-11-18 17:19:31,224 - Loaded System Directive: org.apache.velocity.runtime.directive.Foreach
2022-11-18 17:19:31,234 - Created '20' parsers.
2022-11-18 17:19:31,236 - Velocimacro : "velocimacro.library" is not set.  Trying default library: VM_global_library.vm
2022-11-18 17:19:31,236 - Velocimacro : Default library not found.
2022-11-18 17:19:31,236 - Velocimacro : allowInline = true : VMs can be defined inline in templates
2022-11-18 17:19:31,236 - Velocimacro : allowInlineToOverride = false : VMs defined inline may NOT replace previous VM definitions
2022-11-18 17:19:31,236 - Velocimacro : allowInlineLocal = false : VMs defined inline will be global in scope if allowed.
2022-11-18 17:19:31,236 - Velocimacro : autoload off : VM system will not automatically reload global library macros
2022-11-18 17:26:49,311 - Log4JLogChute initialized using file 'velocity.log'
2022-11-18 17:26:49,311 - Velocity was not initialized! Calling init()...
2022-11-18 17:26:49,311 - Starting Apache Velocity v1.5 (compiled: 2007-02-22 08:52:29)
2022-11-18 17:26:49,311 - Default Properties File: org\apache\velocity\runtime\defaults\velocity.properties
2022-11-18 17:26:49,311 - Trying to use logger class org.apache.velocity.runtime.log.AvalonLogChute
2022-11-18 17:26:49,312 - Couldn't find class org.apache.velocity.runtime.log.AvalonLogChute or necessary supporting classes in classpath.
java.lang.NoClassDefFoundError: org/apache/log/format/Formatter
	at java.base/java.lang.Class.forName0(Native Method)
	at java.base/java.lang.Class.forName(Class.java:467)
	at org.apache.velocity.util.ClassUtils.getClass(ClassUtils.java:63)
	at org.apache.velocity.util.ClassUtils.getNewInstance(ClassUtils.java:95)
	at org.apache.velocity.runtime.log.LogManager.createLogChute(LogManager.java:147)
	at org.apache.velocity.runtime.log.LogManager.updateLog(LogManager.java:208)
	at org.apache.velocity.runtime.RuntimeInstance.initializeLog(RuntimeInstance.java:728)
	at org.apache.velocity.runtime.RuntimeInstance.init(RuntimeInstance.java:240)
	at org.apache.velocity.runtime.RuntimeInstance.parse(RuntimeInstance.java:993)
	at org.apache.velocity.runtime.RuntimeInstance.parse(RuntimeInstance.java:972)
	at org.apache.velocity.runtime.RuntimeSingleton.parse(RuntimeSingleton.java:265)
	at org.apache.velocity.app.Velocity.evaluate(Velocity.java:274)
	at org.sonatype.mavenbook.weather.WeatherFormatter.format(WeatherFormatter.java:21)
	at org.sonatype.mavenbook.weather.yahoo.WeatherFormatterTest.testFormat(WeatherFormatterTest.java:23)
	at java.base/jdk.internal.reflect.NativeMethodAccessorImpl.invoke0(Native Method)
	at java.base/jdk.internal.reflect.NativeMethodAccessorImpl.invoke(NativeMethodAccessorImpl.java:77)
	at java.base/jdk.internal.reflect.DelegatingMethodAccessorImpl.invoke(DelegatingMethodAccessorImpl.java:43)
	at java.base/java.lang.reflect.Method.invoke(Method.java:568)
	at junit.framework.TestCase.runTest(TestCase.java:176)
	at junit.framework.TestCase.runBare(TestCase.java:141)
	at junit.framework.TestResult$1.protect(TestResult.java:122)
	at junit.framework.TestResult.runProtected(TestResult.java:142)
	at junit.framework.TestResult.run(TestResult.java:125)
	at junit.framework.TestCase.run(TestCase.java:129)
	at junit.framework.TestSuite.runTest(TestSuite.java:252)
	at junit.framework.TestSuite.run(TestSuite.java:247)
	at org.junit.internal.runners.JUnit38ClassRunner.run(JUnit38ClassRunner.java:86)
	at org.apache.maven.surefire.junit4.JUnit4Provider.execute(JUnit4Provider.java:252)
	at org.apache.maven.surefire.junit4.JUnit4Provider.executeTestSet(JUnit4Provider.java:141)
	at org.apache.maven.surefire.junit4.JUnit4Provider.invoke(JUnit4Provider.java:112)
	at java.base/jdk.internal.reflect.NativeMethodAccessorImpl.invoke0(Native Method)
	at java.base/jdk.internal.reflect.NativeMethodAccessorImpl.invoke(NativeMethodAccessorImpl.java:77)
	at java.base/jdk.internal.reflect.DelegatingMethodAccessorImpl.invoke(DelegatingMethodAccessorImpl.java:43)
	at java.base/java.lang.reflect.Method.invoke(Method.java:568)
	at org.apache.maven.surefire.util.ReflectionUtils.invokeMethodWithArray(ReflectionUtils.java:189)
	at org.apache.maven.surefire.booter.ProviderFactory$ProviderProxy.invoke(ProviderFactory.java:165)
	at org.apache.maven.surefire.booter.ProviderFactory.invokeProvider(ProviderFactory.java:85)
	at org.apache.maven.surefire.booter.ForkedBooter.runSuitesInProcess(ForkedBooter.java:115)
	at org.apache.maven.surefire.booter.ForkedBooter.main(ForkedBooter.java:75)
Caused by: java.lang.ClassNotFoundException: org.apache.log.format.Formatter
	at java.base/jdk.internal.loader.BuiltinClassLoader.loadClass(BuiltinClassLoader.java:641)
	at java.base/jdk.internal.loader.ClassLoaders$AppClassLoader.loadClass(ClassLoaders.java:188)
	at java.base/java.lang.ClassLoader.loadClass(ClassLoader.java:520)
	... 39 more
2022-11-18 17:26:49,313 - Trying to use logger class org.apache.velocity.runtime.log.Log4JLogChute
2022-11-18 17:26:49,313 - Using logger class org.apache.velocity.runtime.log.Log4JLogChute
2022-11-18 17:26:49,313 - Default ResourceManager initializing. (class org.apache.velocity.runtime.resource.ResourceManagerImpl)
2022-11-18 17:26:49,314 - ResourceLoader instantiated: org.apache.velocity.runtime.resource.loader.FileResourceLoader
2022-11-18 17:26:49,315 - Do unicode file recognition:  false
2022-11-18 17:26:49,315 - FileResourceLoader : adding path '.'
2022-11-18 17:26:49,319 - ResourceCache: initialized (class org.apache.velocity.runtime.resource.ResourceCacheImpl)
2022-11-18 17:26:49,319 - Loaded System Directive: org.apache.velocity.runtime.directive.Literal
2022-11-18 17:26:49,320 - Loaded System Directive: org.apache.velocity.runtime.directive.Macro
2022-11-18 17:26:49,320 - Loaded System Directive: org.apache.velocity.runtime.directive.Parse
2022-11-18 17:26:49,320 - Loaded System Directive: org.apache.velocity.runtime.directive.Include
2022-11-18 17:26:49,321 - Loaded System Directive: org.apache.velocity.runtime.directive.Foreach
2022-11-18 17:26:49,332 - Created '20' parsers.
2022-11-18 17:26:49,334 - Velocimacro : "velocimacro.library" is not set.  Trying default library: VM_global_library.vm
2022-11-18 17:26:49,334 - Velocimacro : Default library not found.
2022-11-18 17:26:49,334 - Velocimacro : allowInline = true : VMs can be defined inline in templates
2022-11-18 17:26:49,334 - Velocimacro : allowInlineToOverride = false : VMs defined inline may NOT replace previous VM definitions
2022-11-18 17:26:49,334 - Velocimacro : allowInlineLocal = false : VMs defined inline will be global in scope if allowed.
2022-11-18 17:26:49,334 - Velocimacro : autoload off : VM system will not automatically reload global library macros
2022-11-18 17:28:56,482 - Log4JLogChute initialized using file 'velocity.log'
2022-11-18 17:28:56,482 - Velocity was not initialized! Calling init()...
2022-11-18 17:28:56,482 - Starting Apache Velocity v1.5 (compiled: 2007-02-22 08:52:29)
2022-11-18 17:28:56,482 - Default Properties File: org\apache\velocity\runtime\defaults\velocity.properties
2022-11-18 17:28:56,482 - Trying to use logger class org.apache.velocity.runtime.log.AvalonLogChute
2022-11-18 17:28:56,482 - Couldn't find class org.apache.velocity.runtime.log.AvalonLogChute or necessary supporting classes in classpath.
java.lang.NoClassDefFoundError: org/apache/log/format/Formatter
	at java.base/java.lang.Class.forName0(Native Method)
	at java.base/java.lang.Class.forName(Class.java:467)
	at org.apache.velocity.util.ClassUtils.getClass(ClassUtils.java:63)
	at org.apache.velocity.util.ClassUtils.getNewInstance(ClassUtils.java:95)
	at org.apache.velocity.runtime.log.LogManager.createLogChute(LogManager.java:147)
	at org.apache.velocity.runtime.log.LogManager.updateLog(LogManager.java:208)
	at org.apache.velocity.runtime.RuntimeInstance.initializeLog(RuntimeInstance.java:728)
	at org.apache.velocity.runtime.RuntimeInstance.init(RuntimeInstance.java:240)
	at org.apache.velocity.runtime.RuntimeInstance.parse(RuntimeInstance.java:993)
	at org.apache.velocity.runtime.RuntimeInstance.parse(RuntimeInstance.java:972)
	at org.apache.velocity.runtime.RuntimeSingleton.parse(RuntimeSingleton.java:265)
	at org.apache.velocity.app.Velocity.evaluate(Velocity.java:274)
	at org.sonatype.mavenbook.weather.WeatherFormatter.format(WeatherFormatter.java:21)
	at org.sonatype.mavenbook.weather.yahoo.WeatherFormatterTest.testFormat(WeatherFormatterTest.java:23)
	at java.base/jdk.internal.reflect.NativeMethodAccessorImpl.invoke0(Native Method)
	at java.base/jdk.internal.reflect.NativeMethodAccessorImpl.invoke(NativeMethodAccessorImpl.java:77)
	at java.base/jdk.internal.reflect.DelegatingMethodAccessorImpl.invoke(DelegatingMethodAccessorImpl.java:43)
	at java.base/java.lang.reflect.Method.invoke(Method.java:568)
	at junit.framework.TestCase.runTest(TestCase.java:176)
	at junit.framework.TestCase.runBare(TestCase.java:141)
	at junit.framework.TestResult$1.protect(TestResult.java:122)
	at junit.framework.TestResult.runProtected(TestResult.java:142)
	at junit.framework.TestResult.run(TestResult.java:125)
	at junit.framework.TestCase.run(TestCase.java:129)
	at junit.framework.TestSuite.runTest(TestSuite.java:252)
	at junit.framework.TestSuite.run(TestSuite.java:247)
	at org.junit.internal.runners.JUnit38ClassRunner.run(JUnit38ClassRunner.java:86)
	at org.apache.maven.surefire.junit4.JUnit4Provider.execute(JUnit4Provider.java:252)
	at org.apache.maven.surefire.junit4.JUnit4Provider.executeTestSet(JUnit4Provider.java:141)
	at org.apache.maven.surefire.junit4.JUnit4Provider.invoke(JUnit4Provider.java:112)
	at java.base/jdk.internal.reflect.NativeMethodAccessorImpl.invoke0(Native Method)
	at java.base/jdk.internal.reflect.NativeMethodAccessorImpl.invoke(NativeMethodAccessorImpl.java:77)
	at java.base/jdk.internal.reflect.DelegatingMethodAccessorImpl.invoke(DelegatingMethodAccessorImpl.java:43)
	at java.base/java.lang.reflect.Method.invoke(Method.java:568)
	at org.apache.maven.surefire.util.ReflectionUtils.invokeMethodWithArray(ReflectionUtils.java:189)
	at org.apache.maven.surefire.booter.ProviderFactory$ProviderProxy.invoke(ProviderFactory.java:165)
	at org.apache.maven.surefire.booter.ProviderFactory.invokeProvider(ProviderFactory.java:85)
	at org.apache.maven.surefire.booter.ForkedBooter.runSuitesInProcess(ForkedBooter.java:115)
	at org.apache.maven.surefire.booter.ForkedBooter.main(ForkedBooter.java:75)
Caused by: java.lang.ClassNotFoundException: org.apache.log.format.Formatter
	at java.base/jdk.internal.loader.BuiltinClassLoader.loadClass(BuiltinClassLoader.java:641)
	at java.base/jdk.internal.loader.ClassLoaders$AppClassLoader.loadClass(ClassLoaders.java:188)
	at java.base/java.lang.ClassLoader.loadClass(ClassLoader.java:520)
	... 39 more
2022-11-18 17:28:56,483 - Trying to use logger class org.apache.velocity.runtime.log.Log4JLogChute
2022-11-18 17:28:56,483 - Using logger class org.apache.velocity.runtime.log.Log4JLogChute
2022-11-18 17:28:56,484 - Default ResourceManager initializing. (class org.apache.velocity.runtime.resource.ResourceManagerImpl)
2022-11-18 17:28:56,485 - ResourceLoader instantiated: org.apache.velocity.runtime.resource.loader.FileResourceLoader
2022-11-18 17:28:56,485 - Do unicode file recognition:  false
2022-11-18 17:28:56,485 - FileResourceLoader : adding path '.'
2022-11-18 17:28:56,489 - ResourceCache: initialized (class org.apache.velocity.runtime.resource.ResourceCacheImpl)
2022-11-18 17:28:56,490 - Loaded System Directive: org.apache.velocity.runtime.directive.Literal
2022-11-18 17:28:56,490 - Loaded System Directive: org.apache.velocity.runtime.directive.Macro
2022-11-18 17:28:56,491 - Loaded System Directive: org.apache.velocity.runtime.directive.Parse
2022-11-18 17:28:56,491 - Loaded System Directive: org.apache.velocity.runtime.directive.Include
2022-11-18 17:28:56,491 - Loaded System Directive: org.apache.velocity.runtime.directive.Foreach
2022-11-18 17:28:56,501 - Created '20' parsers.
2022-11-18 17:28:56,503 - Velocimacro : "velocimacro.library" is not set.  Trying default library: VM_global_library.vm
2022-11-18 17:28:56,503 - Velocimacro : Default library not found.
2022-11-18 17:28:56,503 - Velocimacro : allowInline = true : VMs can be defined inline in templates
2022-11-18 17:28:56,503 - Velocimacro : allowInlineToOverride = false : VMs defined inline may NOT replace previous VM definitions
2022-11-18 17:28:56,503 - Velocimacro : allowInlineLocal = false : VMs defined inline will be global in scope if allowed.
2022-11-18 17:28:56,503 - Velocimacro : autoload off : VM system will not automatically reload global library macros
2022-11-18 17:30:46,068 - Log4JLogChute initialized using file 'velocity.log'
2022-11-18 17:30:46,069 - Velocity was not initialized! Calling init()...
2022-11-18 17:30:46,069 - Starting Apache Velocity v1.5 (compiled: 2007-02-22 08:52:29)
2022-11-18 17:30:46,069 - Default Properties File: org\apache\velocity\runtime\defaults\velocity.properties
2022-11-18 17:30:46,069 - Trying to use logger class org.apache.velocity.runtime.log.AvalonLogChute
2022-11-18 17:30:46,069 - Couldn't find class org.apache.velocity.runtime.log.AvalonLogChute or necessary supporting classes in classpath.
java.lang.NoClassDefFoundError: org/apache/log/format/Formatter
	at java.base/java.lang.Class.forName0(Native Method)
	at java.base/java.lang.Class.forName(Class.java:467)
	at org.apache.velocity.util.ClassUtils.getClass(ClassUtils.java:63)
	at org.apache.velocity.util.ClassUtils.getNewInstance(ClassUtils.java:95)
	at org.apache.velocity.runtime.log.LogManager.createLogChute(LogManager.java:147)
	at org.apache.velocity.runtime.log.LogManager.updateLog(LogManager.java:208)
	at org.apache.velocity.runtime.RuntimeInstance.initializeLog(RuntimeInstance.java:728)
	at org.apache.velocity.runtime.RuntimeInstance.init(RuntimeInstance.java:240)
	at org.apache.velocity.runtime.RuntimeInstance.parse(RuntimeInstance.java:993)
	at org.apache.velocity.runtime.RuntimeInstance.parse(RuntimeInstance.java:972)
	at org.apache.velocity.runtime.RuntimeSingleton.parse(RuntimeSingleton.java:265)
	at org.apache.velocity.app.Velocity.evaluate(Velocity.java:274)
	at org.sonatype.mavenbook.weather.WeatherFormatter.format(WeatherFormatter.java:21)
	at org.sonatype.mavenbook.weather.yahoo.WeatherFormatterTest.testFormat(WeatherFormatterTest.java:23)
	at java.base/jdk.internal.reflect.NativeMethodAccessorImpl.invoke0(Native Method)
	at java.base/jdk.internal.reflect.NativeMethodAccessorImpl.invoke(NativeMethodAccessorImpl.java:77)
	at java.base/jdk.internal.reflect.DelegatingMethodAccessorImpl.invoke(DelegatingMethodAccessorImpl.java:43)
	at java.base/java.lang.reflect.Method.invoke(Method.java:568)
	at junit.framework.TestCase.runTest(TestCase.java:176)
	at junit.framework.TestCase.runBare(TestCase.java:141)
	at junit.framework.TestResult$1.protect(TestResult.java:122)
	at junit.framework.TestResult.runProtected(TestResult.java:142)
	at junit.framework.TestResult.run(TestResult.java:125)
	at junit.framework.TestCase.run(TestCase.java:129)
	at junit.framework.TestSuite.runTest(TestSuite.java:252)
	at junit.framework.TestSuite.run(TestSuite.java:247)
	at org.junit.internal.runners.JUnit38ClassRunner.run(JUnit38ClassRunner.java:86)
	at org.apache.maven.surefire.junit4.JUnit4Provider.execute(JUnit4Provider.java:252)
	at org.apache.maven.surefire.junit4.JUnit4Provider.executeTestSet(JUnit4Provider.java:141)
	at org.apache.maven.surefire.junit4.JUnit4Provider.invoke(JUnit4Provider.java:112)
	at java.base/jdk.internal.reflect.NativeMethodAccessorImpl.invoke0(Native Method)
	at java.base/jdk.internal.reflect.NativeMethodAccessorImpl.invoke(NativeMethodAccessorImpl.java:77)
	at java.base/jdk.internal.reflect.DelegatingMethodAccessorImpl.invoke(DelegatingMethodAccessorImpl.java:43)
	at java.base/java.lang.reflect.Method.invoke(Method.java:568)
	at org.apache.maven.surefire.util.ReflectionUtils.invokeMethodWithArray(ReflectionUtils.java:189)
	at org.apache.maven.surefire.booter.ProviderFactory$ProviderProxy.invoke(ProviderFactory.java:165)
	at org.apache.maven.surefire.booter.ProviderFactory.invokeProvider(ProviderFactory.java:85)
	at org.apache.maven.surefire.booter.ForkedBooter.runSuitesInProcess(ForkedBooter.java:115)
	at org.apache.maven.surefire.booter.ForkedBooter.main(ForkedBooter.java:75)
Caused by: java.lang.ClassNotFoundException: org.apache.log.format.Formatter
	at java.base/jdk.internal.loader.BuiltinClassLoader.loadClass(BuiltinClassLoader.java:641)
	at java.base/jdk.internal.loader.ClassLoaders$AppClassLoader.loadClass(ClassLoaders.java:188)
	at java.base/java.lang.ClassLoader.loadClass(ClassLoader.java:520)
	... 39 more
2022-11-18 17:30:46,070 - Trying to use logger class org.apache.velocity.runtime.log.Log4JLogChute
2022-11-18 17:30:46,070 - Using logger class org.apache.velocity.runtime.log.Log4JLogChute
2022-11-18 17:30:46,070 - Default ResourceManager initializing. (class org.apache.velocity.runtime.resource.ResourceManagerImpl)
2022-11-18 17:30:46,072 - ResourceLoader instantiated: org.apache.velocity.runtime.resource.loader.FileResourceLoader
2022-11-18 17:30:46,072 - Do unicode file recognition:  false
2022-11-18 17:30:46,072 - FileResourceLoader : adding path '.'
2022-11-18 17:30:46,076 - ResourceCache: initialized (class org.apache.velocity.runtime.resource.ResourceCacheImpl)
2022-11-18 17:30:46,076 - Loaded System Directive: org.apache.velocity.runtime.directive.Literal
2022-11-18 17:30:46,077 - Loaded System Directive: org.apache.velocity.runtime.directive.Macro
2022-11-18 17:30:46,077 - Loaded System Directive: org.apache.velocity.runtime.directive.Parse
2022-11-18 17:30:46,077 - Loaded System Directive: org.apache.velocity.runtime.directive.Include
2022-11-18 17:30:46,078 - Loaded System Directive: org.apache.velocity.runtime.directive.Foreach
2022-11-18 17:30:46,087 - Created '20' parsers.
2022-11-18 17:30:46,089 - Velocimacro : "velocimacro.library" is not set.  Trying default library: VM_global_library.vm
2022-11-18 17:30:46,089 - Velocimacro : Default library not found.
2022-11-18 17:30:46,089 - Velocimacro : allowInline = true : VMs can be defined inline in templates
2022-11-18 17:30:46,089 - Velocimacro : allowInlineToOverride = false : VMs defined inline may NOT replace previous VM definitions
2022-11-18 17:30:46,089 - Velocimacro : allowInlineLocal = false : VMs defined inline will be global in scope if allowed.
2022-11-18 17:30:46,089 - Velocimacro : autoload off : VM system will not automatically reload global library macros
2022-11-18 17:31:57,338 - Log4JLogChute initialized using file 'velocity.log'
2022-11-18 17:31:57,338 - Velocity was not initialized! Calling init()...
2022-11-18 17:31:57,338 - Starting Apache Velocity v1.5 (compiled: 2007-02-22 08:52:29)
2022-11-18 17:31:57,338 - Default Properties File: org\apache\velocity\runtime\defaults\velocity.properties
2022-11-18 17:31:57,338 - Trying to use logger class org.apache.velocity.runtime.log.AvalonLogChute
2022-11-18 17:31:57,338 - Couldn't find class org.apache.velocity.runtime.log.AvalonLogChute or necessary supporting classes in classpath.
java.lang.NoClassDefFoundError: org/apache/log/format/Formatter
	at java.base/java.lang.Class.forName0(Native Method)
	at java.base/java.lang.Class.forName(Class.java:467)
	at org.apache.velocity.util.ClassUtils.getClass(ClassUtils.java:63)
	at org.apache.velocity.util.ClassUtils.getNewInstance(ClassUtils.java:95)
	at org.apache.velocity.runtime.log.LogManager.createLogChute(LogManager.java:147)
	at org.apache.velocity.runtime.log.LogManager.updateLog(LogManager.java:208)
	at org.apache.velocity.runtime.RuntimeInstance.initializeLog(RuntimeInstance.java:728)
	at org.apache.velocity.runtime.RuntimeInstance.init(RuntimeInstance.java:240)
	at org.apache.velocity.runtime.RuntimeInstance.parse(RuntimeInstance.java:993)
	at org.apache.velocity.runtime.RuntimeInstance.parse(RuntimeInstance.java:972)
	at org.apache.velocity.runtime.RuntimeSingleton.parse(RuntimeSingleton.java:265)
	at org.apache.velocity.app.Velocity.evaluate(Velocity.java:274)
	at org.sonatype.mavenbook.weather.WeatherFormatter.format(WeatherFormatter.java:21)
	at org.sonatype.mavenbook.weather.yahoo.WeatherFormatterTest.testFormat(WeatherFormatterTest.java:23)
	at java.base/jdk.internal.reflect.NativeMethodAccessorImpl.invoke0(Native Method)
	at java.base/jdk.internal.reflect.NativeMethodAccessorImpl.invoke(NativeMethodAccessorImpl.java:77)
	at java.base/jdk.internal.reflect.DelegatingMethodAccessorImpl.invoke(DelegatingMethodAccessorImpl.java:43)
	at java.base/java.lang.reflect.Method.invoke(Method.java:568)
	at junit.framework.TestCase.runTest(TestCase.java:176)
	at junit.framework.TestCase.runBare(TestCase.java:141)
	at junit.framework.TestResult$1.protect(TestResult.java:122)
	at junit.framework.TestResult.runProtected(TestResult.java:142)
	at junit.framework.TestResult.run(TestResult.java:125)
	at junit.framework.TestCase.run(TestCase.java:129)
	at junit.framework.TestSuite.runTest(TestSuite.java:252)
	at junit.framework.TestSuite.run(TestSuite.java:247)
	at org.junit.internal.runners.JUnit38ClassRunner.run(JUnit38ClassRunner.java:86)
	at org.apache.maven.surefire.junit4.JUnit4Provider.execute(JUnit4Provider.java:252)
	at org.apache.maven.surefire.junit4.JUnit4Provider.executeTestSet(JUnit4Provider.java:141)
	at org.apache.maven.surefire.junit4.JUnit4Provider.invoke(JUnit4Provider.java:112)
	at java.base/jdk.internal.reflect.NativeMethodAccessorImpl.invoke0(Native Method)
	at java.base/jdk.internal.reflect.NativeMethodAccessorImpl.invoke(NativeMethodAccessorImpl.java:77)
	at java.base/jdk.internal.reflect.DelegatingMethodAccessorImpl.invoke(DelegatingMethodAccessorImpl.java:43)
	at java.base/java.lang.reflect.Method.invoke(Method.java:568)
	at org.apache.maven.surefire.util.ReflectionUtils.invokeMethodWithArray(ReflectionUtils.java:189)
	at org.apache.maven.surefire.booter.ProviderFactory$ProviderProxy.invoke(ProviderFactory.java:165)
	at org.apache.maven.surefire.booter.ProviderFactory.invokeProvider(ProviderFactory.java:85)
	at org.apache.maven.surefire.booter.ForkedBooter.runSuitesInProcess(ForkedBooter.java:115)
	at org.apache.maven.surefire.booter.ForkedBooter.main(ForkedBooter.java:75)
Caused by: java.lang.ClassNotFoundException: org.apache.log.format.Formatter
	at java.base/jdk.internal.loader.BuiltinClassLoader.loadClass(BuiltinClassLoader.java:641)
	at java.base/jdk.internal.loader.ClassLoaders$AppClassLoader.loadClass(ClassLoaders.java:188)
	at java.base/java.lang.ClassLoader.loadClass(ClassLoader.java:520)
	... 39 more
2022-11-18 17:31:57,339 - Trying to use logger class org.apache.velocity.runtime.log.Log4JLogChute
2022-11-18 17:31:57,339 - Using logger class org.apache.velocity.runtime.log.Log4JLogChute
2022-11-18 17:31:57,340 - Default ResourceManager initializing. (class org.apache.velocity.runtime.resource.ResourceManagerImpl)
2022-11-18 17:31:57,341 - ResourceLoader instantiated: org.apache.velocity.runtime.resource.loader.FileResourceLoader
2022-11-18 17:31:57,341 - Do unicode file recognition:  false
2022-11-18 17:31:57,341 - FileResourceLoader : adding path '.'
2022-11-18 17:31:57,345 - ResourceCache: initialized (class org.apache.velocity.runtime.resource.ResourceCacheImpl)
2022-11-18 17:31:57,345 - Loaded System Directive: org.apache.velocity.runtime.directive.Literal
2022-11-18 17:31:57,346 - Loaded System Directive: org.apache.velocity.runtime.directive.Macro
2022-11-18 17:31:57,346 - Loaded System Directive: org.apache.velocity.runtime.directive.Parse
2022-11-18 17:31:57,347 - Loaded System Directive: org.apache.velocity.runtime.directive.Include
2022-11-18 17:31:57,347 - Loaded System Directive: org.apache.velocity.runtime.directive.Foreach
2022-11-18 17:31:57,357 - Created '20' parsers.
2022-11-18 17:31:57,359 - Velocimacro : "velocimacro.library" is not set.  Trying default library: VM_global_library.vm
2022-11-18 17:31:57,359 - Velocimacro : Default library not found.
2022-11-18 17:31:57,359 - Velocimacro : allowInline = true : VMs can be defined inline in templates
2022-11-18 17:31:57,359 - Velocimacro : allowInlineToOverride = false : VMs defined inline may NOT replace previous VM definitions
2022-11-18 17:31:57,359 - Velocimacro : allowInlineLocal = false : VMs defined inline will be global in scope if allowed.
2022-11-18 17:31:57,359 - Velocimacro : autoload off : VM system will not automatically reload global library macros
2022-11-18 17:32:50,378 - Log4JLogChute initialized using file 'velocity.log'
2022-11-18 17:32:50,378 - Velocity was not initialized! Calling init()...
2022-11-18 17:32:50,378 - Starting Apache Velocity v1.5 (compiled: 2007-02-22 08:52:29)
2022-11-18 17:32:50,378 - Default Properties File: org\apache\velocity\runtime\defaults\velocity.properties
2022-11-18 17:32:50,378 - Trying to use logger class org.apache.velocity.runtime.log.AvalonLogChute
2022-11-18 17:32:50,378 - Couldn't find class org.apache.velocity.runtime.log.AvalonLogChute or necessary supporting classes in classpath.
java.lang.NoClassDefFoundError: org/apache/log/format/Formatter
	at java.base/java.lang.Class.forName0(Native Method)
	at java.base/java.lang.Class.forName(Class.java:467)
	at org.apache.velocity.util.ClassUtils.getClass(ClassUtils.java:63)
	at org.apache.velocity.util.ClassUtils.getNewInstance(ClassUtils.java:95)
	at org.apache.velocity.runtime.log.LogManager.createLogChute(LogManager.java:147)
	at org.apache.velocity.runtime.log.LogManager.updateLog(LogManager.java:208)
	at org.apache.velocity.runtime.RuntimeInstance.initializeLog(RuntimeInstance.java:728)
	at org.apache.velocity.runtime.RuntimeInstance.init(RuntimeInstance.java:240)
	at org.apache.velocity.runtime.RuntimeInstance.parse(RuntimeInstance.java:993)
	at org.apache.velocity.runtime.RuntimeInstance.parse(RuntimeInstance.java:972)
	at org.apache.velocity.runtime.RuntimeSingleton.parse(RuntimeSingleton.java:265)
	at org.apache.velocity.app.Velocity.evaluate(Velocity.java:274)
	at org.sonatype.mavenbook.weather.WeatherFormatter.format(WeatherFormatter.java:21)
	at org.sonatype.mavenbook.weather.yahoo.WeatherFormatterTest.testFormat(WeatherFormatterTest.java:23)
	at java.base/jdk.internal.reflect.NativeMethodAccessorImpl.invoke0(Native Method)
	at java.base/jdk.internal.reflect.NativeMethodAccessorImpl.invoke(NativeMethodAccessorImpl.java:77)
	at java.base/jdk.internal.reflect.DelegatingMethodAccessorImpl.invoke(DelegatingMethodAccessorImpl.java:43)
	at java.base/java.lang.reflect.Method.invoke(Method.java:568)
	at junit.framework.TestCase.runTest(TestCase.java:176)
	at junit.framework.TestCase.runBare(TestCase.java:141)
	at junit.framework.TestResult$1.protect(TestResult.java:122)
	at junit.framework.TestResult.runProtected(TestResult.java:142)
	at junit.framework.TestResult.run(TestResult.java:125)
	at junit.framework.TestCase.run(TestCase.java:129)
	at junit.framework.TestSuite.runTest(TestSuite.java:252)
	at junit.framework.TestSuite.run(TestSuite.java:247)
	at org.junit.internal.runners.JUnit38ClassRunner.run(JUnit38ClassRunner.java:86)
	at org.apache.maven.surefire.junit4.JUnit4Provider.execute(JUnit4Provider.java:252)
	at org.apache.maven.surefire.junit4.JUnit4Provider.executeTestSet(JUnit4Provider.java:141)
	at org.apache.maven.surefire.junit4.JUnit4Provider.invoke(JUnit4Provider.java:112)
	at java.base/jdk.internal.reflect.NativeMethodAccessorImpl.invoke0(Native Method)
	at java.base/jdk.internal.reflect.NativeMethodAccessorImpl.invoke(NativeMethodAccessorImpl.java:77)
	at java.base/jdk.internal.reflect.DelegatingMethodAccessorImpl.invoke(DelegatingMethodAccessorImpl.java:43)
	at java.base/java.lang.reflect.Method.invoke(Method.java:568)
	at org.apache.maven.surefire.util.ReflectionUtils.invokeMethodWithArray(ReflectionUtils.java:189)
	at org.apache.maven.surefire.booter.ProviderFactory$ProviderProxy.invoke(ProviderFactory.java:165)
	at org.apache.maven.surefire.booter.ProviderFactory.invokeProvider(ProviderFactory.java:85)
	at org.apache.maven.surefire.booter.ForkedBooter.runSuitesInProcess(ForkedBooter.java:115)
	at org.apache.maven.surefire.booter.ForkedBooter.main(ForkedBooter.java:75)
Caused by: java.lang.ClassNotFoundException: org.apache.log.format.Formatter
	at java.base/jdk.internal.loader.BuiltinClassLoader.loadClass(BuiltinClassLoader.java:641)
	at java.base/jdk.internal.loader.ClassLoaders$AppClassLoader.loadClass(ClassLoaders.java:188)
	at java.base/java.lang.ClassLoader.loadClass(ClassLoader.java:520)
	... 39 more
2022-11-18 17:32:50,379 - Trying to use logger class org.apache.velocity.runtime.log.Log4JLogChute
2022-11-18 17:32:50,379 - Using logger class org.apache.velocity.runtime.log.Log4JLogChute
2022-11-18 17:32:50,380 - Default ResourceManager initializing. (class org.apache.velocity.runtime.resource.ResourceManagerImpl)
2022-11-18 17:32:50,381 - ResourceLoader instantiated: org.apache.velocity.runtime.resource.loader.FileResourceLoader
2022-11-18 17:32:50,381 - Do unicode file recognition:  false
2022-11-18 17:32:50,381 - FileResourceLoader : adding path '.'
2022-11-18 17:32:50,385 - ResourceCache: initialized (class org.apache.velocity.runtime.resource.ResourceCacheImpl)
2022-11-18 17:32:50,385 - Loaded System Directive: org.apache.velocity.runtime.directive.Literal
2022-11-18 17:32:50,386 - Loaded System Directive: org.apache.velocity.runtime.directive.Macro
2022-11-18 17:32:50,386 - Loaded System Directive: org.apache.velocity.runtime.directive.Parse
2022-11-18 17:32:50,387 - Loaded System Directive: org.apache.velocity.runtime.directive.Include
2022-11-18 17:32:50,387 - Loaded System Directive: org.apache.velocity.runtime.directive.Foreach
2022-11-18 17:32:50,397 - Created '20' parsers.
2022-11-18 17:32:50,399 - Velocimacro : "velocimacro.library" is not set.  Trying default library: VM_global_library.vm
2022-11-18 17:32:50,399 - Velocimacro : Default library not found.
2022-11-18 17:32:50,399 - Velocimacro : allowInline = true : VMs can be defined inline in templates
2022-11-18 17:32:50,399 - Velocimacro : allowInlineToOverride = false : VMs defined inline may NOT replace previous VM definitions
2022-11-18 17:32:50,399 - Velocimacro : allowInlineLocal = false : VMs defined inline will be global in scope if allowed.
2022-11-18 17:32:50,399 - Velocimacro : autoload off : VM system will not automatically reload global library macros
2022-11-18 17:33:17,623 - Log4JLogChute initialized using file 'velocity.log'
2022-11-18 17:33:17,623 - Velocity was not initialized! Calling init()...
2022-11-18 17:33:17,623 - Starting Apache Velocity v1.5 (compiled: 2007-02-22 08:52:29)
2022-11-18 17:33:17,623 - Default Properties File: org\apache\velocity\runtime\defaults\velocity.properties
2022-11-18 17:33:17,623 - Trying to use logger class org.apache.velocity.runtime.log.AvalonLogChute
2022-11-18 17:33:17,624 - Couldn't find class org.apache.velocity.runtime.log.AvalonLogChute or necessary supporting classes in classpath.
java.lang.NoClassDefFoundError: org/apache/log/format/Formatter
	at java.base/java.lang.Class.forName0(Native Method)
	at java.base/java.lang.Class.forName(Class.java:467)
	at org.apache.velocity.util.ClassUtils.getClass(ClassUtils.java:63)
	at org.apache.velocity.util.ClassUtils.getNewInstance(ClassUtils.java:95)
	at org.apache.velocity.runtime.log.LogManager.createLogChute(LogManager.java:147)
	at org.apache.velocity.runtime.log.LogManager.updateLog(LogManager.java:208)
	at org.apache.velocity.runtime.RuntimeInstance.initializeLog(RuntimeInstance.java:728)
	at org.apache.velocity.runtime.RuntimeInstance.init(RuntimeInstance.java:240)
	at org.apache.velocity.runtime.RuntimeInstance.parse(RuntimeInstance.java:993)
	at org.apache.velocity.runtime.RuntimeInstance.parse(RuntimeInstance.java:972)
	at org.apache.velocity.runtime.RuntimeSingleton.parse(RuntimeSingleton.java:265)
	at org.apache.velocity.app.Velocity.evaluate(Velocity.java:274)
	at org.sonatype.mavenbook.weather.WeatherFormatter.format(WeatherFormatter.java:21)
	at org.sonatype.mavenbook.weather.yahoo.WeatherFormatterTest.testFormat(WeatherFormatterTest.java:23)
	at java.base/jdk.internal.reflect.NativeMethodAccessorImpl.invoke0(Native Method)
	at java.base/jdk.internal.reflect.NativeMethodAccessorImpl.invoke(NativeMethodAccessorImpl.java:77)
	at java.base/jdk.internal.reflect.DelegatingMethodAccessorImpl.invoke(DelegatingMethodAccessorImpl.java:43)
	at java.base/java.lang.reflect.Method.invoke(Method.java:568)
	at junit.framework.TestCase.runTest(TestCase.java:176)
	at junit.framework.TestCase.runBare(TestCase.java:141)
	at junit.framework.TestResult$1.protect(TestResult.java:122)
	at junit.framework.TestResult.runProtected(TestResult.java:142)
	at junit.framework.TestResult.run(TestResult.java:125)
	at junit.framework.TestCase.run(TestCase.java:129)
	at junit.framework.TestSuite.runTest(TestSuite.java:252)
	at junit.framework.TestSuite.run(TestSuite.java:247)
	at org.junit.internal.runners.JUnit38ClassRunner.run(JUnit38ClassRunner.java:86)
	at org.apache.maven.surefire.junit4.JUnit4Provider.execute(JUnit4Provider.java:252)
	at org.apache.maven.surefire.junit4.JUnit4Provider.executeTestSet(JUnit4Provider.java:141)
	at org.apache.maven.surefire.junit4.JUnit4Provider.invoke(JUnit4Provider.java:112)
	at java.base/jdk.internal.reflect.NativeMethodAccessorImpl.invoke0(Native Method)
	at java.base/jdk.internal.reflect.NativeMethodAccessorImpl.invoke(NativeMethodAccessorImpl.java:77)
	at java.base/jdk.internal.reflect.DelegatingMethodAccessorImpl.invoke(DelegatingMethodAccessorImpl.java:43)
	at java.base/java.lang.reflect.Method.invoke(Method.java:568)
	at org.apache.maven.surefire.util.ReflectionUtils.invokeMethodWithArray(ReflectionUtils.java:189)
	at org.apache.maven.surefire.booter.ProviderFactory$ProviderProxy.invoke(ProviderFactory.java:165)
	at org.apache.maven.surefire.booter.ProviderFactory.invokeProvider(ProviderFactory.java:85)
	at org.apache.maven.surefire.booter.ForkedBooter.runSuitesInProcess(ForkedBooter.java:115)
	at org.apache.maven.surefire.booter.ForkedBooter.main(ForkedBooter.java:75)
Caused by: java.lang.ClassNotFoundException: org.apache.log.format.Formatter
	at java.base/jdk.internal.loader.BuiltinClassLoader.loadClass(BuiltinClassLoader.java:641)
	at java.base/jdk.internal.loader.ClassLoaders$AppClassLoader.loadClass(ClassLoaders.java:188)
	at java.base/java.lang.ClassLoader.loadClass(ClassLoader.java:520)
	... 39 more
2022-11-18 17:33:17,625 - Trying to use logger class org.apache.velocity.runtime.log.Log4JLogChute
2022-11-18 17:33:17,625 - Using logger class org.apache.velocity.runtime.log.Log4JLogChute
2022-11-18 17:33:17,625 - Default ResourceManager initializing. (class org.apache.velocity.runtime.resource.ResourceManagerImpl)
2022-11-18 17:33:17,626 - ResourceLoader instantiated: org.apache.velocity.runtime.resource.loader.FileResourceLoader
2022-11-18 17:33:17,627 - Do unicode file recognition:  false
2022-11-18 17:33:17,627 - FileResourceLoader : adding path '.'
2022-11-18 17:33:17,631 - ResourceCache: initialized (class org.apache.velocity.runtime.resource.ResourceCacheImpl)
2022-11-18 17:33:17,631 - Loaded System Directive: org.apache.velocity.runtime.directive.Literal
2022-11-18 17:33:17,632 - Loaded System Directive: org.apache.velocity.runtime.directive.Macro
2022-11-18 17:33:17,632 - Loaded System Directive: org.apache.velocity.runtime.directive.Parse
2022-11-18 17:33:17,632 - Loaded System Directive: org.apache.velocity.runtime.directive.Include
2022-11-18 17:33:17,633 - Loaded System Directive: org.apache.velocity.runtime.directive.Foreach
2022-11-18 17:33:17,643 - Created '20' parsers.
2022-11-18 17:33:17,644 - Velocimacro : "velocimacro.library" is not set.  Trying default library: VM_global_library.vm
2022-11-18 17:33:17,644 - Velocimacro : Default library not found.
2022-11-18 17:33:17,644 - Velocimacro : allowInline = true : VMs can be defined inline in templates
2022-11-18 17:33:17,644 - Velocimacro : allowInlineToOverride = false : VMs defined inline may NOT replace previous VM definitions
2022-11-18 17:33:17,644 - Velocimacro : allowInlineLocal = false : VMs defined inline will be global in scope if allowed.
2022-11-18 17:33:17,644 - Velocimacro : autoload off : VM system will not automatically reload global library macros
2022-11-18 17:34:59,344 - Log4JLogChute initialized using file 'velocity.log'
2022-11-18 17:34:59,344 - Velocity was not initialized! Calling init()...
2022-11-18 17:34:59,344 - Starting Apache Velocity v1.5 (compiled: 2007-02-22 08:52:29)
2022-11-18 17:34:59,344 - Default Properties File: org\apache\velocity\runtime\defaults\velocity.properties
2022-11-18 17:34:59,344 - Trying to use logger class org.apache.velocity.runtime.log.AvalonLogChute
2022-11-18 17:34:59,344 - Couldn't find class org.apache.velocity.runtime.log.AvalonLogChute or necessary supporting classes in classpath.
java.lang.NoClassDefFoundError: org/apache/log/format/Formatter
	at java.base/java.lang.Class.forName0(Native Method)
	at java.base/java.lang.Class.forName(Class.java:467)
	at org.apache.velocity.util.ClassUtils.getClass(ClassUtils.java:63)
	at org.apache.velocity.util.ClassUtils.getNewInstance(ClassUtils.java:95)
	at org.apache.velocity.runtime.log.LogManager.createLogChute(LogManager.java:147)
	at org.apache.velocity.runtime.log.LogManager.updateLog(LogManager.java:208)
	at org.apache.velocity.runtime.RuntimeInstance.initializeLog(RuntimeInstance.java:728)
	at org.apache.velocity.runtime.RuntimeInstance.init(RuntimeInstance.java:240)
	at org.apache.velocity.runtime.RuntimeInstance.parse(RuntimeInstance.java:993)
	at org.apache.velocity.runtime.RuntimeInstance.parse(RuntimeInstance.java:972)
	at org.apache.velocity.runtime.RuntimeSingleton.parse(RuntimeSingleton.java:265)
	at org.apache.velocity.app.Velocity.evaluate(Velocity.java:274)
	at org.sonatype.mavenbook.weather.WeatherFormatter.format(WeatherFormatter.java:21)
	at org.sonatype.mavenbook.weather.yahoo.WeatherFormatterTest.testFormat(WeatherFormatterTest.java:23)
	at java.base/jdk.internal.reflect.NativeMethodAccessorImpl.invoke0(Native Method)
	at java.base/jdk.internal.reflect.NativeMethodAccessorImpl.invoke(NativeMethodAccessorImpl.java:77)
	at java.base/jdk.internal.reflect.DelegatingMethodAccessorImpl.invoke(DelegatingMethodAccessorImpl.java:43)
	at java.base/java.lang.reflect.Method.invoke(Method.java:568)
	at junit.framework.TestCase.runTest(TestCase.java:176)
	at junit.framework.TestCase.runBare(TestCase.java:141)
	at junit.framework.TestResult$1.protect(TestResult.java:122)
	at junit.framework.TestResult.runProtected(TestResult.java:142)
	at junit.framework.TestResult.run(TestResult.java:125)
	at junit.framework.TestCase.run(TestCase.java:129)
	at junit.framework.TestSuite.runTest(TestSuite.java:252)
	at junit.framework.TestSuite.run(TestSuite.java:247)
	at org.junit.internal.runners.JUnit38ClassRunner.run(JUnit38ClassRunner.java:86)
	at org.apache.maven.surefire.junit4.JUnit4Provider.execute(JUnit4Provider.java:252)
	at org.apache.maven.surefire.junit4.JUnit4Provider.executeTestSet(JUnit4Provider.java:141)
	at org.apache.maven.surefire.junit4.JUnit4Provider.invoke(JUnit4Provider.java:112)
	at java.base/jdk.internal.reflect.NativeMethodAccessorImpl.invoke0(Native Method)
	at java.base/jdk.internal.reflect.NativeMethodAccessorImpl.invoke(NativeMethodAccessorImpl.java:77)
	at java.base/jdk.internal.reflect.DelegatingMethodAccessorImpl.invoke(DelegatingMethodAccessorImpl.java:43)
	at java.base/java.lang.reflect.Method.invoke(Method.java:568)
	at org.apache.maven.surefire.util.ReflectionUtils.invokeMethodWithArray(ReflectionUtils.java:189)
	at org.apache.maven.surefire.booter.ProviderFactory$ProviderProxy.invoke(ProviderFactory.java:165)
	at org.apache.maven.surefire.booter.ProviderFactory.invokeProvider(ProviderFactory.java:85)
	at org.apache.maven.surefire.booter.ForkedBooter.runSuitesInProcess(ForkedBooter.java:115)
	at org.apache.maven.surefire.booter.ForkedBooter.main(ForkedBooter.java:75)
Caused by: java.lang.ClassNotFoundException: org.apache.log.format.Formatter
	at java.base/jdk.internal.loader.BuiltinClassLoader.loadClass(BuiltinClassLoader.java:641)
	at java.base/jdk.internal.loader.ClassLoaders$AppClassLoader.loadClass(ClassLoaders.java:188)
	at java.base/java.lang.ClassLoader.loadClass(ClassLoader.java:520)
	... 39 more
2022-11-18 17:34:59,345 - Trying to use logger class org.apache.velocity.runtime.log.Log4JLogChute
2022-11-18 17:34:59,345 - Using logger class org.apache.velocity.runtime.log.Log4JLogChute
2022-11-18 17:34:59,346 - Default ResourceManager initializing. (class org.apache.velocity.runtime.resource.ResourceManagerImpl)
2022-11-18 17:34:59,347 - ResourceLoader instantiated: org.apache.velocity.runtime.resource.loader.FileResourceLoader
2022-11-18 17:34:59,347 - Do unicode file recognition:  false
2022-11-18 17:34:59,347 - FileResourceLoader : adding path '.'
2022-11-18 17:34:59,351 - ResourceCache: initialized (class org.apache.velocity.runtime.resource.ResourceCacheImpl)
2022-11-18 17:34:59,352 - Loaded System Directive: org.apache.velocity.runtime.directive.Literal
2022-11-18 17:34:59,352 - Loaded System Directive: org.apache.velocity.runtime.directive.Macro
2022-11-18 17:34:59,353 - Loaded System Directive: org.apache.velocity.runtime.directive.Parse
2022-11-18 17:34:59,353 - Loaded System Directive: org.apache.velocity.runtime.directive.Include
2022-11-18 17:34:59,353 - Loaded System Directive: org.apache.velocity.runtime.directive.Foreach
2022-11-18 17:34:59,364 - Created '20' parsers.
2022-11-18 17:34:59,366 - Velocimacro : "velocimacro.library" is not set.  Trying default library: VM_global_library.vm
2022-11-18 17:34:59,366 - Velocimacro : Default library not found.
2022-11-18 17:34:59,366 - Velocimacro : allowInline = true : VMs can be defined inline in templates
2022-11-18 17:34:59,366 - Velocimacro : allowInlineToOverride = false : VMs defined inline may NOT replace previous VM definitions
2022-11-18 17:34:59,366 - Velocimacro : allowInlineLocal = false : VMs defined inline will be global in scope if allowed.
2022-11-18 17:34:59,366 - Velocimacro : autoload off : VM system will not automatically reload global library macros
2022-11-18 17:38:33,286 - Log4JLogChute initialized using file 'velocity.log'
2022-11-18 17:38:33,286 - Velocity was not initialized! Calling init()...
2022-11-18 17:38:33,287 - Starting Apache Velocity v1.5 (compiled: 2007-02-22 08:52:29)
2022-11-18 17:38:33,287 - Default Properties File: org\apache\velocity\runtime\defaults\velocity.properties
2022-11-18 17:38:33,287 - Trying to use logger class org.apache.velocity.runtime.log.AvalonLogChute
2022-11-18 17:38:33,287 - Couldn't find class org.apache.velocity.runtime.log.AvalonLogChute or necessary supporting classes in classpath.
java.lang.NoClassDefFoundError: org/apache/log/format/Formatter
	at java.base/java.lang.Class.forName0(Native Method)
	at java.base/java.lang.Class.forName(Class.java:467)
	at org.apache.velocity.util.ClassUtils.getClass(ClassUtils.java:63)
	at org.apache.velocity.util.ClassUtils.getNewInstance(ClassUtils.java:95)
	at org.apache.velocity.runtime.log.LogManager.createLogChute(LogManager.java:147)
	at org.apache.velocity.runtime.log.LogManager.updateLog(LogManager.java:208)
	at org.apache.velocity.runtime.RuntimeInstance.initializeLog(RuntimeInstance.java:728)
	at org.apache.velocity.runtime.RuntimeInstance.init(RuntimeInstance.java:240)
	at org.apache.velocity.runtime.RuntimeInstance.parse(RuntimeInstance.java:993)
	at org.apache.velocity.runtime.RuntimeInstance.parse(RuntimeInstance.java:972)
	at org.apache.velocity.runtime.RuntimeSingleton.parse(RuntimeSingleton.java:265)
	at org.apache.velocity.app.Velocity.evaluate(Velocity.java:274)
	at org.sonatype.mavenbook.weather.WeatherFormatter.format(WeatherFormatter.java:21)
	at org.sonatype.mavenbook.weather.yahoo.WeatherFormatterTest.testFormat(WeatherFormatterTest.java:23)
	at java.base/jdk.internal.reflect.NativeMethodAccessorImpl.invoke0(Native Method)
	at java.base/jdk.internal.reflect.NativeMethodAccessorImpl.invoke(NativeMethodAccessorImpl.java:77)
	at java.base/jdk.internal.reflect.DelegatingMethodAccessorImpl.invoke(DelegatingMethodAccessorImpl.java:43)
	at java.base/java.lang.reflect.Method.invoke(Method.java:568)
	at junit.framework.TestCase.runTest(TestCase.java:176)
	at junit.framework.TestCase.runBare(TestCase.java:141)
	at junit.framework.TestResult$1.protect(TestResult.java:122)
	at junit.framework.TestResult.runProtected(TestResult.java:142)
	at junit.framework.TestResult.run(TestResult.java:125)
	at junit.framework.TestCase.run(TestCase.java:129)
	at junit.framework.TestSuite.runTest(TestSuite.java:252)
	at junit.framework.TestSuite.run(TestSuite.java:247)
	at org.junit.internal.runners.JUnit38ClassRunner.run(JUnit38ClassRunner.java:86)
	at org.apache.maven.surefire.junit4.JUnit4Provider.execute(JUnit4Provider.java:252)
	at org.apache.maven.surefire.junit4.JUnit4Provider.executeTestSet(JUnit4Provider.java:141)
	at org.apache.maven.surefire.junit4.JUnit4Provider.invoke(JUnit4Provider.java:112)
	at java.base/jdk.internal.reflect.NativeMethodAccessorImpl.invoke0(Native Method)
	at java.base/jdk.internal.reflect.NativeMethodAccessorImpl.invoke(NativeMethodAccessorImpl.java:77)
	at java.base/jdk.internal.reflect.DelegatingMethodAccessorImpl.invoke(DelegatingMethodAccessorImpl.java:43)
	at java.base/java.lang.reflect.Method.invoke(Method.java:568)
	at org.apache.maven.surefire.util.ReflectionUtils.invokeMethodWithArray(ReflectionUtils.java:189)
	at org.apache.maven.surefire.booter.ProviderFactory$ProviderProxy.invoke(ProviderFactory.java:165)
	at org.apache.maven.surefire.booter.ProviderFactory.invokeProvider(ProviderFactory.java:85)
	at org.apache.maven.surefire.booter.ForkedBooter.runSuitesInProcess(ForkedBooter.java:115)
	at org.apache.maven.surefire.booter.ForkedBooter.main(ForkedBooter.java:75)
Caused by: java.lang.ClassNotFoundException: org.apache.log.format.Formatter
	at java.base/jdk.internal.loader.BuiltinClassLoader.loadClass(BuiltinClassLoader.java:641)
	at java.base/jdk.internal.loader.ClassLoaders$AppClassLoader.loadClass(ClassLoaders.java:188)
	at java.base/java.lang.ClassLoader.loadClass(ClassLoader.java:520)
	... 39 more
2022-11-18 17:38:33,288 - Trying to use logger class org.apache.velocity.runtime.log.Log4JLogChute
2022-11-18 17:38:33,288 - Using logger class org.apache.velocity.runtime.log.Log4JLogChute
2022-11-18 17:38:33,289 - Default ResourceManager initializing. (class org.apache.velocity.runtime.resource.ResourceManagerImpl)
2022-11-18 17:38:33,290 - ResourceLoader instantiated: org.apache.velocity.runtime.resource.loader.FileResourceLoader
2022-11-18 17:38:33,290 - Do unicode file recognition:  false
2022-11-18 17:38:33,290 - FileResourceLoader : adding path '.'
2022-11-18 17:38:33,294 - ResourceCache: initialized (class org.apache.velocity.runtime.resource.ResourceCacheImpl)
2022-11-18 17:38:33,294 - Loaded System Directive: org.apache.velocity.runtime.directive.Literal
2022-11-18 17:38:33,295 - Loaded System Directive: org.apache.velocity.runtime.directive.Macro
2022-11-18 17:38:33,295 - Loaded System Directive: org.apache.velocity.runtime.directive.Parse
2022-11-18 17:38:33,296 - Loaded System Directive: org.apache.velocity.runtime.directive.Include
2022-11-18 17:38:33,296 - Loaded System Directive: org.apache.velocity.runtime.directive.Foreach
2022-11-18 17:38:33,306 - Created '20' parsers.
2022-11-18 17:38:33,307 - Velocimacro : "velocimacro.library" is not set.  Trying default library: VM_global_library.vm
2022-11-18 17:38:33,307 - Velocimacro : Default library not found.
2022-11-18 17:38:33,307 - Velocimacro : allowInline = true : VMs can be defined inline in templates
2022-11-18 17:38:33,307 - Velocimacro : allowInlineToOverride = false : VMs defined inline may NOT replace previous VM definitions
2022-11-18 17:38:33,307 - Velocimacro : allowInlineLocal = false : VMs defined inline will be global in scope if allowed.
2022-11-18 17:38:33,308 - Velocimacro : autoload off : VM system will not automatically reload global library macros
2022-11-18 17:40:27,672 - Log4JLogChute initialized using file 'velocity.log'
2022-11-18 17:40:27,672 - Velocity was not initialized! Calling init()...
2022-11-18 17:40:27,672 - Starting Apache Velocity v1.5 (compiled: 2007-02-22 08:52:29)
2022-11-18 17:40:27,672 - Default Properties File: org\apache\velocity\runtime\defaults\velocity.properties
2022-11-18 17:40:27,672 - Trying to use logger class org.apache.velocity.runtime.log.AvalonLogChute
2022-11-18 17:40:27,672 - Couldn't find class org.apache.velocity.runtime.log.AvalonLogChute or necessary supporting classes in classpath.
java.lang.NoClassDefFoundError: org/apache/log/format/Formatter
	at java.base/java.lang.Class.forName0(Native Method)
	at java.base/java.lang.Class.forName(Class.java:467)
	at org.apache.velocity.util.ClassUtils.getClass(ClassUtils.java:63)
	at org.apache.velocity.util.ClassUtils.getNewInstance(ClassUtils.java:95)
	at org.apache.velocity.runtime.log.LogManager.createLogChute(LogManager.java:147)
	at org.apache.velocity.runtime.log.LogManager.updateLog(LogManager.java:208)
	at org.apache.velocity.runtime.RuntimeInstance.initializeLog(RuntimeInstance.java:728)
	at org.apache.velocity.runtime.RuntimeInstance.init(RuntimeInstance.java:240)
	at org.apache.velocity.runtime.RuntimeInstance.parse(RuntimeInstance.java:993)
	at org.apache.velocity.runtime.RuntimeInstance.parse(RuntimeInstance.java:972)
	at org.apache.velocity.runtime.RuntimeSingleton.parse(RuntimeSingleton.java:265)
	at org.apache.velocity.app.Velocity.evaluate(Velocity.java:274)
	at org.sonatype.mavenbook.weather.WeatherFormatter.format(WeatherFormatter.java:21)
	at org.sonatype.mavenbook.weather.yahoo.WeatherFormatterTest.testFormat(WeatherFormatterTest.java:23)
	at java.base/jdk.internal.reflect.NativeMethodAccessorImpl.invoke0(Native Method)
	at java.base/jdk.internal.reflect.NativeMethodAccessorImpl.invoke(NativeMethodAccessorImpl.java:77)
	at java.base/jdk.internal.reflect.DelegatingMethodAccessorImpl.invoke(DelegatingMethodAccessorImpl.java:43)
	at java.base/java.lang.reflect.Method.invoke(Method.java:568)
	at junit.framework.TestCase.runTest(TestCase.java:176)
	at junit.framework.TestCase.runBare(TestCase.java:141)
	at junit.framework.TestResult$1.protect(TestResult.java:122)
	at junit.framework.TestResult.runProtected(TestResult.java:142)
	at junit.framework.TestResult.run(TestResult.java:125)
	at junit.framework.TestCase.run(TestCase.java:129)
	at junit.framework.TestSuite.runTest(TestSuite.java:252)
	at junit.framework.TestSuite.run(TestSuite.java:247)
	at org.junit.internal.runners.JUnit38ClassRunner.run(JUnit38ClassRunner.java:86)
	at org.apache.maven.surefire.junit4.JUnit4Provider.execute(JUnit4Provider.java:252)
	at org.apache.maven.surefire.junit4.JUnit4Provider.executeTestSet(JUnit4Provider.java:141)
	at org.apache.maven.surefire.junit4.JUnit4Provider.invoke(JUnit4Provider.java:112)
	at java.base/jdk.internal.reflect.NativeMethodAccessorImpl.invoke0(Native Method)
	at java.base/jdk.internal.reflect.NativeMethodAccessorImpl.invoke(NativeMethodAccessorImpl.java:77)
	at java.base/jdk.internal.reflect.DelegatingMethodAccessorImpl.invoke(DelegatingMethodAccessorImpl.java:43)
	at java.base/java.lang.reflect.Method.invoke(Method.java:568)
	at org.apache.maven.surefire.util.ReflectionUtils.invokeMethodWithArray(ReflectionUtils.java:189)
	at org.apache.maven.surefire.booter.ProviderFactory$ProviderProxy.invoke(ProviderFactory.java:165)
	at org.apache.maven.surefire.booter.ProviderFactory.invokeProvider(ProviderFactory.java:85)
	at org.apache.maven.surefire.booter.ForkedBooter.runSuitesInProcess(ForkedBooter.java:115)
	at org.apache.maven.surefire.booter.ForkedBooter.main(ForkedBooter.java:75)
Caused by: java.lang.ClassNotFoundException: org.apache.log.format.Formatter
	at java.base/jdk.internal.loader.BuiltinClassLoader.loadClass(BuiltinClassLoader.java:641)
	at java.base/jdk.internal.loader.ClassLoaders$AppClassLoader.loadClass(ClassLoaders.java:188)
	at java.base/java.lang.ClassLoader.loadClass(ClassLoader.java:520)
	... 39 more
2022-11-18 17:40:27,673 - Trying to use logger class org.apache.velocity.runtime.log.Log4JLogChute
2022-11-18 17:40:27,673 - Using logger class org.apache.velocity.runtime.log.Log4JLogChute
2022-11-18 17:40:27,674 - Default ResourceManager initializing. (class org.apache.velocity.runtime.resource.ResourceManagerImpl)
2022-11-18 17:40:27,675 - ResourceLoader instantiated: org.apache.velocity.runtime.resource.loader.FileResourceLoader
2022-11-18 17:40:27,675 - Do unicode file recognition:  false
2022-11-18 17:40:27,675 - FileResourceLoader : adding path '.'
2022-11-18 17:40:27,679 - ResourceCache: initialized (class org.apache.velocity.runtime.resource.ResourceCacheImpl)
2022-11-18 17:40:27,680 - Loaded System Directive: org.apache.velocity.runtime.directive.Literal
2022-11-18 17:40:27,680 - Loaded System Directive: org.apache.velocity.runtime.directive.Macro
2022-11-18 17:40:27,681 - Loaded System Directive: org.apache.velocity.runtime.directive.Parse
2022-11-18 17:40:27,681 - Loaded System Directive: org.apache.velocity.runtime.directive.Include
2022-11-18 17:40:27,681 - Loaded System Directive: org.apache.velocity.runtime.directive.Foreach
2022-11-18 17:40:27,692 - Created '20' parsers.
2022-11-18 17:40:27,693 - Velocimacro : "velocimacro.library" is not set.  Trying default library: VM_global_library.vm
2022-11-18 17:40:27,693 - Velocimacro : Default library not found.
2022-11-18 17:40:27,693 - Velocimacro : allowInline = true : VMs can be defined inline in templates
2022-11-18 17:40:27,693 - Velocimacro : allowInlineToOverride = false : VMs defined inline may NOT replace previous VM definitions
2022-11-18 17:40:27,693 - Velocimacro : allowInlineLocal = false : VMs defined inline will be global in scope if allowed.
2022-11-18 17:40:27,693 - Velocimacro : autoload off : VM system will not automatically reload global library macros
2022-11-18 17:41:45,360 - Log4JLogChute initialized using file 'velocity.log'
2022-11-18 17:41:45,360 - Velocity was not initialized! Calling init()...
2022-11-18 17:41:45,360 - Starting Apache Velocity v1.5 (compiled: 2007-02-22 08:52:29)
2022-11-18 17:41:45,360 - Default Properties File: org\apache\velocity\runtime\defaults\velocity.properties
2022-11-18 17:41:45,360 - Trying to use logger class org.apache.velocity.runtime.log.AvalonLogChute
2022-11-18 17:41:45,361 - Couldn't find class org.apache.velocity.runtime.log.AvalonLogChute or necessary supporting classes in classpath.
java.lang.NoClassDefFoundError: org/apache/log/format/Formatter
	at java.base/java.lang.Class.forName0(Native Method)
	at java.base/java.lang.Class.forName(Class.java:467)
	at org.apache.velocity.util.ClassUtils.getClass(ClassUtils.java:63)
	at org.apache.velocity.util.ClassUtils.getNewInstance(ClassUtils.java:95)
	at org.apache.velocity.runtime.log.LogManager.createLogChute(LogManager.java:147)
	at org.apache.velocity.runtime.log.LogManager.updateLog(LogManager.java:208)
	at org.apache.velocity.runtime.RuntimeInstance.initializeLog(RuntimeInstance.java:728)
	at org.apache.velocity.runtime.RuntimeInstance.init(RuntimeInstance.java:240)
	at org.apache.velocity.runtime.RuntimeInstance.parse(RuntimeInstance.java:993)
	at org.apache.velocity.runtime.RuntimeInstance.parse(RuntimeInstance.java:972)
	at org.apache.velocity.runtime.RuntimeSingleton.parse(RuntimeSingleton.java:265)
	at org.apache.velocity.app.Velocity.evaluate(Velocity.java:274)
	at org.sonatype.mavenbook.weather.WeatherFormatter.format(WeatherFormatter.java:21)
	at org.sonatype.mavenbook.weather.yahoo.WeatherFormatterTest.testFormat(WeatherFormatterTest.java:23)
	at java.base/jdk.internal.reflect.NativeMethodAccessorImpl.invoke0(Native Method)
	at java.base/jdk.internal.reflect.NativeMethodAccessorImpl.invoke(NativeMethodAccessorImpl.java:77)
	at java.base/jdk.internal.reflect.DelegatingMethodAccessorImpl.invoke(DelegatingMethodAccessorImpl.java:43)
	at java.base/java.lang.reflect.Method.invoke(Method.java:568)
	at junit.framework.TestCase.runTest(TestCase.java:176)
	at junit.framework.TestCase.runBare(TestCase.java:141)
	at junit.framework.TestResult$1.protect(TestResult.java:122)
	at junit.framework.TestResult.runProtected(TestResult.java:142)
	at junit.framework.TestResult.run(TestResult.java:125)
	at junit.framework.TestCase.run(TestCase.java:129)
	at junit.framework.TestSuite.runTest(TestSuite.java:252)
	at junit.framework.TestSuite.run(TestSuite.java:247)
	at org.junit.internal.runners.JUnit38ClassRunner.run(JUnit38ClassRunner.java:86)
	at org.apache.maven.surefire.junit4.JUnit4Provider.execute(JUnit4Provider.java:252)
	at org.apache.maven.surefire.junit4.JUnit4Provider.executeTestSet(JUnit4Provider.java:141)
	at org.apache.maven.surefire.junit4.JUnit4Provider.invoke(JUnit4Provider.java:112)
	at java.base/jdk.internal.reflect.NativeMethodAccessorImpl.invoke0(Native Method)
	at java.base/jdk.internal.reflect.NativeMethodAccessorImpl.invoke(NativeMethodAccessorImpl.java:77)
	at java.base/jdk.internal.reflect.DelegatingMethodAccessorImpl.invoke(DelegatingMethodAccessorImpl.java:43)
	at java.base/java.lang.reflect.Method.invoke(Method.java:568)
	at org.apache.maven.surefire.util.ReflectionUtils.invokeMethodWithArray(ReflectionUtils.java:189)
	at org.apache.maven.surefire.booter.ProviderFactory$ProviderProxy.invoke(ProviderFactory.java:165)
	at org.apache.maven.surefire.booter.ProviderFactory.invokeProvider(ProviderFactory.java:85)
	at org.apache.maven.surefire.booter.ForkedBooter.runSuitesInProcess(ForkedBooter.java:115)
	at org.apache.maven.surefire.booter.ForkedBooter.main(ForkedBooter.java:75)
Caused by: java.lang.ClassNotFoundException: org.apache.log.format.Formatter
	at java.base/jdk.internal.loader.BuiltinClassLoader.loadClass(BuiltinClassLoader.java:641)
	at java.base/jdk.internal.loader.ClassLoaders$AppClassLoader.loadClass(ClassLoaders.java:188)
	at java.base/java.lang.ClassLoader.loadClass(ClassLoader.java:520)
	... 39 more
2022-11-18 17:41:45,362 - Trying to use logger class org.apache.velocity.runtime.log.Log4JLogChute
2022-11-18 17:41:45,362 - Using logger class org.apache.velocity.runtime.log.Log4JLogChute
2022-11-18 17:41:45,362 - Default ResourceManager initializing. (class org.apache.velocity.runtime.resource.ResourceManagerImpl)
2022-11-18 17:41:45,364 - ResourceLoader instantiated: org.apache.velocity.runtime.resource.loader.FileResourceLoader
2022-11-18 17:41:45,364 - Do unicode file recognition:  false
2022-11-18 17:41:45,364 - FileResourceLoader : adding path '.'
2022-11-18 17:41:45,368 - ResourceCache: initialized (class org.apache.velocity.runtime.resource.ResourceCacheImpl)
2022-11-18 17:41:45,368 - Loaded System Directive: org.apache.velocity.runtime.directive.Literal
2022-11-18 17:41:45,369 - Loaded System Directive: org.apache.velocity.runtime.directive.Macro
2022-11-18 17:41:45,369 - Loaded System Directive: org.apache.velocity.runtime.directive.Parse
2022-11-18 17:41:45,370 - Loaded System Directive: org.apache.velocity.runtime.directive.Include
2022-11-18 17:41:45,370 - Loaded System Directive: org.apache.velocity.runtime.directive.Foreach
2022-11-18 17:41:45,380 - Created '20' parsers.
2022-11-18 17:41:45,381 - Velocimacro : "velocimacro.library" is not set.  Trying default library: VM_global_library.vm
2022-11-18 17:41:45,381 - Velocimacro : Default library not found.
2022-11-18 17:41:45,381 - Velocimacro : allowInline = true : VMs can be defined inline in templates
2022-11-18 17:41:45,381 - Velocimacro : allowInlineToOverride = false : VMs defined inline may NOT replace previous VM definitions
2022-11-18 17:41:45,382 - Velocimacro : allowInlineLocal = false : VMs defined inline will be global in scope if allowed.
2022-11-18 17:41:45,382 - Velocimacro : autoload off : VM system will not automatically reload global library macros
2022-11-18 17:43:22,119 - Log4JLogChute initialized using file 'velocity.log'
2022-11-18 17:43:22,120 - Velocity was not initialized! Calling init()...
2022-11-18 17:43:22,120 - Starting Apache Velocity v1.5 (compiled: 2007-02-22 08:52:29)
2022-11-18 17:43:22,120 - Default Properties File: org\apache\velocity\runtime\defaults\velocity.properties
2022-11-18 17:43:22,120 - Trying to use logger class org.apache.velocity.runtime.log.AvalonLogChute
2022-11-18 17:43:22,120 - Couldn't find class org.apache.velocity.runtime.log.AvalonLogChute or necessary supporting classes in classpath.
java.lang.NoClassDefFoundError: org/apache/log/format/Formatter
	at java.base/java.lang.Class.forName0(Native Method)
	at java.base/java.lang.Class.forName(Class.java:467)
	at org.apache.velocity.util.ClassUtils.getClass(ClassUtils.java:63)
	at org.apache.velocity.util.ClassUtils.getNewInstance(ClassUtils.java:95)
	at org.apache.velocity.runtime.log.LogManager.createLogChute(LogManager.java:147)
	at org.apache.velocity.runtime.log.LogManager.updateLog(LogManager.java:208)
	at org.apache.velocity.runtime.RuntimeInstance.initializeLog(RuntimeInstance.java:728)
	at org.apache.velocity.runtime.RuntimeInstance.init(RuntimeInstance.java:240)
	at org.apache.velocity.runtime.RuntimeInstance.parse(RuntimeInstance.java:993)
	at org.apache.velocity.runtime.RuntimeInstance.parse(RuntimeInstance.java:972)
	at org.apache.velocity.runtime.RuntimeSingleton.parse(RuntimeSingleton.java:265)
	at org.apache.velocity.app.Velocity.evaluate(Velocity.java:274)
	at org.sonatype.mavenbook.weather.WeatherFormatter.format(WeatherFormatter.java:21)
	at org.sonatype.mavenbook.weather.yahoo.WeatherFormatterTest.testFormat(WeatherFormatterTest.java:23)
	at java.base/jdk.internal.reflect.NativeMethodAccessorImpl.invoke0(Native Method)
	at java.base/jdk.internal.reflect.NativeMethodAccessorImpl.invoke(NativeMethodAccessorImpl.java:77)
	at java.base/jdk.internal.reflect.DelegatingMethodAccessorImpl.invoke(DelegatingMethodAccessorImpl.java:43)
	at java.base/java.lang.reflect.Method.invoke(Method.java:568)
	at junit.framework.TestCase.runTest(TestCase.java:176)
	at junit.framework.TestCase.runBare(TestCase.java:141)
	at junit.framework.TestResult$1.protect(TestResult.java:122)
	at junit.framework.TestResult.runProtected(TestResult.java:142)
	at junit.framework.TestResult.run(TestResult.java:125)
	at junit.framework.TestCase.run(TestCase.java:129)
	at junit.framework.TestSuite.runTest(TestSuite.java:252)
	at junit.framework.TestSuite.run(TestSuite.java:247)
	at org.junit.internal.runners.JUnit38ClassRunner.run(JUnit38ClassRunner.java:86)
	at org.apache.maven.surefire.junit4.JUnit4Provider.execute(JUnit4Provider.java:252)
	at org.apache.maven.surefire.junit4.JUnit4Provider.executeTestSet(JUnit4Provider.java:141)
	at org.apache.maven.surefire.junit4.JUnit4Provider.invoke(JUnit4Provider.java:112)
	at java.base/jdk.internal.reflect.NativeMethodAccessorImpl.invoke0(Native Method)
	at java.base/jdk.internal.reflect.NativeMethodAccessorImpl.invoke(NativeMethodAccessorImpl.java:77)
	at java.base/jdk.internal.reflect.DelegatingMethodAccessorImpl.invoke(DelegatingMethodAccessorImpl.java:43)
	at java.base/java.lang.reflect.Method.invoke(Method.java:568)
	at org.apache.maven.surefire.util.ReflectionUtils.invokeMethodWithArray(ReflectionUtils.java:189)
	at org.apache.maven.surefire.booter.ProviderFactory$ProviderProxy.invoke(ProviderFactory.java:165)
	at org.apache.maven.surefire.booter.ProviderFactory.invokeProvider(ProviderFactory.java:85)
	at org.apache.maven.surefire.booter.ForkedBooter.runSuitesInProcess(ForkedBooter.java:115)
	at org.apache.maven.surefire.booter.ForkedBooter.main(ForkedBooter.java:75)
Caused by: java.lang.ClassNotFoundException: org.apache.log.format.Formatter
	at java.base/jdk.internal.loader.BuiltinClassLoader.loadClass(BuiltinClassLoader.java:641)
	at java.base/jdk.internal.loader.ClassLoaders$AppClassLoader.loadClass(ClassLoaders.java:188)
	at java.base/java.lang.ClassLoader.loadClass(ClassLoader.java:520)
	... 39 more
2022-11-18 17:43:22,121 - Trying to use logger class org.apache.velocity.runtime.log.Log4JLogChute
2022-11-18 17:43:22,121 - Using logger class org.apache.velocity.runtime.log.Log4JLogChute
2022-11-18 17:43:22,122 - Default ResourceManager initializing. (class org.apache.velocity.runtime.resource.ResourceManagerImpl)
2022-11-18 17:43:22,123 - ResourceLoader instantiated: org.apache.velocity.runtime.resource.loader.FileResourceLoader
2022-11-18 17:43:22,123 - Do unicode file recognition:  false
2022-11-18 17:43:22,123 - FileResourceLoader : adding path '.'
2022-11-18 17:43:22,127 - ResourceCache: initialized (class org.apache.velocity.runtime.resource.ResourceCacheImpl)
2022-11-18 17:43:22,127 - Loaded System Directive: org.apache.velocity.runtime.directive.Literal
2022-11-18 17:43:22,128 - Loaded System Directive: org.apache.velocity.runtime.directive.Macro
2022-11-18 17:43:22,128 - Loaded System Directive: org.apache.velocity.runtime.directive.Parse
2022-11-18 17:43:22,128 - Loaded System Directive: org.apache.velocity.runtime.directive.Include
2022-11-18 17:43:22,129 - Loaded System Directive: org.apache.velocity.runtime.directive.Foreach
2022-11-18 17:43:22,138 - Created '20' parsers.
2022-11-18 17:43:22,140 - Velocimacro : "velocimacro.library" is not set.  Trying default library: VM_global_library.vm
2022-11-18 17:43:22,140 - Velocimacro : Default library not found.
2022-11-18 17:43:22,140 - Velocimacro : allowInline = true : VMs can be defined inline in templates
2022-11-18 17:43:22,140 - Velocimacro : allowInlineToOverride = false : VMs defined inline may NOT replace previous VM definitions
2022-11-18 17:43:22,140 - Velocimacro : allowInlineLocal = false : VMs defined inline will be global in scope if allowed.
2022-11-18 17:43:22,140 - Velocimacro : autoload off : VM system will not automatically reload global library macros
2022-11-18 17:46:18,825 - Log4JLogChute initialized using file 'velocity.log'
2022-11-18 17:46:18,826 - Velocity was not initialized! Calling init()...
2022-11-18 17:46:18,826 - Starting Apache Velocity v1.5 (compiled: 2007-02-22 08:52:29)
2022-11-18 17:46:18,826 - Default Properties File: org\apache\velocity\runtime\defaults\velocity.properties
2022-11-18 17:46:18,826 - Trying to use logger class org.apache.velocity.runtime.log.AvalonLogChute
2022-11-18 17:46:18,826 - Couldn't find class org.apache.velocity.runtime.log.AvalonLogChute or necessary supporting classes in classpath.
java.lang.NoClassDefFoundError: org/apache/log/format/Formatter
	at java.base/java.lang.Class.forName0(Native Method)
	at java.base/java.lang.Class.forName(Class.java:467)
	at org.apache.velocity.util.ClassUtils.getClass(ClassUtils.java:63)
	at org.apache.velocity.util.ClassUtils.getNewInstance(ClassUtils.java:95)
	at org.apache.velocity.runtime.log.LogManager.createLogChute(LogManager.java:147)
	at org.apache.velocity.runtime.log.LogManager.updateLog(LogManager.java:208)
	at org.apache.velocity.runtime.RuntimeInstance.initializeLog(RuntimeInstance.java:728)
	at org.apache.velocity.runtime.RuntimeInstance.init(RuntimeInstance.java:240)
	at org.apache.velocity.runtime.RuntimeInstance.parse(RuntimeInstance.java:993)
	at org.apache.velocity.runtime.RuntimeInstance.parse(RuntimeInstance.java:972)
	at org.apache.velocity.runtime.RuntimeSingleton.parse(RuntimeSingleton.java:265)
	at org.apache.velocity.app.Velocity.evaluate(Velocity.java:274)
	at org.sonatype.mavenbook.weather.WeatherFormatter.format(WeatherFormatter.java:21)
	at org.sonatype.mavenbook.weather.yahoo.WeatherFormatterTest.testFormat(WeatherFormatterTest.java:23)
	at java.base/jdk.internal.reflect.NativeMethodAccessorImpl.invoke0(Native Method)
	at java.base/jdk.internal.reflect.NativeMethodAccessorImpl.invoke(NativeMethodAccessorImpl.java:77)
	at java.base/jdk.internal.reflect.DelegatingMethodAccessorImpl.invoke(DelegatingMethodAccessorImpl.java:43)
	at java.base/java.lang.reflect.Method.invoke(Method.java:568)
	at junit.framework.TestCase.runTest(TestCase.java:176)
	at junit.framework.TestCase.runBare(TestCase.java:141)
	at junit.framework.TestResult$1.protect(TestResult.java:122)
	at junit.framework.TestResult.runProtected(TestResult.java:142)
	at junit.framework.TestResult.run(TestResult.java:125)
	at junit.framework.TestCase.run(TestCase.java:129)
	at junit.framework.TestSuite.runTest(TestSuite.java:252)
	at junit.framework.TestSuite.run(TestSuite.java:247)
	at org.junit.internal.runners.JUnit38ClassRunner.run(JUnit38ClassRunner.java:86)
	at org.apache.maven.surefire.junit4.JUnit4Provider.execute(JUnit4Provider.java:252)
	at org.apache.maven.surefire.junit4.JUnit4Provider.executeTestSet(JUnit4Provider.java:141)
	at org.apache.maven.surefire.junit4.JUnit4Provider.invoke(JUnit4Provider.java:112)
	at java.base/jdk.internal.reflect.NativeMethodAccessorImpl.invoke0(Native Method)
	at java.base/jdk.internal.reflect.NativeMethodAccessorImpl.invoke(NativeMethodAccessorImpl.java:77)
	at java.base/jdk.internal.reflect.DelegatingMethodAccessorImpl.invoke(DelegatingMethodAccessorImpl.java:43)
	at java.base/java.lang.reflect.Method.invoke(Method.java:568)
	at org.apache.maven.surefire.util.ReflectionUtils.invokeMethodWithArray(ReflectionUtils.java:189)
	at org.apache.maven.surefire.booter.ProviderFactory$ProviderProxy.invoke(ProviderFactory.java:165)
	at org.apache.maven.surefire.booter.ProviderFactory.invokeProvider(ProviderFactory.java:85)
	at org.apache.maven.surefire.booter.ForkedBooter.runSuitesInProcess(ForkedBooter.java:115)
	at org.apache.maven.surefire.booter.ForkedBooter.main(ForkedBooter.java:75)
Caused by: java.lang.ClassNotFoundException: org.apache.log.format.Formatter
	at java.base/jdk.internal.loader.BuiltinClassLoader.loadClass(BuiltinClassLoader.java:641)
	at java.base/jdk.internal.loader.ClassLoaders$AppClassLoader.loadClass(ClassLoaders.java:188)
	at java.base/java.lang.ClassLoader.loadClass(ClassLoader.java:520)
	... 39 more
2022-11-18 17:46:18,827 - Trying to use logger class org.apache.velocity.runtime.log.Log4JLogChute
2022-11-18 17:46:18,827 - Using logger class org.apache.velocity.runtime.log.Log4JLogChute
2022-11-18 17:46:18,828 - Default ResourceManager initializing. (class org.apache.velocity.runtime.resource.ResourceManagerImpl)
2022-11-18 17:46:18,829 - ResourceLoader instantiated: org.apache.velocity.runtime.resource.loader.FileResourceLoader
2022-11-18 17:46:18,829 - Do unicode file recognition:  false
2022-11-18 17:46:18,829 - FileResourceLoader : adding path '.'
2022-11-18 17:46:18,833 - ResourceCache: initialized (class org.apache.velocity.runtime.resource.ResourceCacheImpl)
2022-11-18 17:46:18,833 - Loaded System Directive: org.apache.velocity.runtime.directive.Literal
2022-11-18 17:46:18,834 - Loaded System Directive: org.apache.velocity.runtime.directive.Macro
2022-11-18 17:46:18,834 - Loaded System Directive: org.apache.velocity.runtime.directive.Parse
2022-11-18 17:46:18,835 - Loaded System Directive: org.apache.velocity.runtime.directive.Include
2022-11-18 17:46:18,835 - Loaded System Directive: org.apache.velocity.runtime.directive.Foreach
2022-11-18 17:46:18,845 - Created '20' parsers.
2022-11-18 17:46:18,847 - Velocimacro : "velocimacro.library" is not set.  Trying default library: VM_global_library.vm
2022-11-18 17:46:18,847 - Velocimacro : Default library not found.
2022-11-18 17:46:18,847 - Velocimacro : allowInline = true : VMs can be defined inline in templates
2022-11-18 17:46:18,847 - Velocimacro : allowInlineToOverride = false : VMs defined inline may NOT replace previous VM definitions
2022-11-18 17:46:18,847 - Velocimacro : allowInlineLocal = false : VMs defined inline will be global in scope if allowed.
2022-11-18 17:46:18,847 - Velocimacro : autoload off : VM system will not automatically reload global library macros
2022-11-18 18:39:37,094 - Log4JLogChute initialized using file 'velocity.log'
2022-11-18 18:39:37,094 - Velocity was not initialized! Calling init()...
2022-11-18 18:39:37,094 - Starting Apache Velocity v1.5 (compiled: 2007-02-22 08:52:29)
2022-11-18 18:39:37,094 - Default Properties File: org\apache\velocity\runtime\defaults\velocity.properties
2022-11-18 18:39:37,094 - Trying to use logger class org.apache.velocity.runtime.log.AvalonLogChute
2022-11-18 18:39:37,095 - Couldn't find class org.apache.velocity.runtime.log.AvalonLogChute or necessary supporting classes in classpath.
java.lang.NoClassDefFoundError: org/apache/log/format/Formatter
	at java.base/java.lang.Class.forName0(Native Method)
	at java.base/java.lang.Class.forName(Class.java:467)
	at org.apache.velocity.util.ClassUtils.getClass(ClassUtils.java:63)
	at org.apache.velocity.util.ClassUtils.getNewInstance(ClassUtils.java:95)
	at org.apache.velocity.runtime.log.LogManager.createLogChute(LogManager.java:147)
	at org.apache.velocity.runtime.log.LogManager.updateLog(LogManager.java:208)
	at org.apache.velocity.runtime.RuntimeInstance.initializeLog(RuntimeInstance.java:728)
	at org.apache.velocity.runtime.RuntimeInstance.init(RuntimeInstance.java:240)
	at org.apache.velocity.runtime.RuntimeInstance.parse(RuntimeInstance.java:993)
	at org.apache.velocity.runtime.RuntimeInstance.parse(RuntimeInstance.java:972)
	at org.apache.velocity.runtime.RuntimeSingleton.parse(RuntimeSingleton.java:265)
	at org.apache.velocity.app.Velocity.evaluate(Velocity.java:274)
	at org.sonatype.mavenbook.weather.WeatherFormatter.format(WeatherFormatter.java:21)
	at org.sonatype.mavenbook.weather.yahoo.WeatherFormatterTest.testFormat(WeatherFormatterTest.java:23)
	at java.base/jdk.internal.reflect.NativeMethodAccessorImpl.invoke0(Native Method)
	at java.base/jdk.internal.reflect.NativeMethodAccessorImpl.invoke(NativeMethodAccessorImpl.java:77)
	at java.base/jdk.internal.reflect.DelegatingMethodAccessorImpl.invoke(DelegatingMethodAccessorImpl.java:43)
	at java.base/java.lang.reflect.Method.invoke(Method.java:568)
	at junit.framework.TestCase.runTest(TestCase.java:176)
	at junit.framework.TestCase.runBare(TestCase.java:141)
	at junit.framework.TestResult$1.protect(TestResult.java:122)
	at junit.framework.TestResult.runProtected(TestResult.java:142)
	at junit.framework.TestResult.run(TestResult.java:125)
	at junit.framework.TestCase.run(TestCase.java:129)
	at junit.framework.TestSuite.runTest(TestSuite.java:252)
	at junit.framework.TestSuite.run(TestSuite.java:247)
	at org.junit.internal.runners.JUnit38ClassRunner.run(JUnit38ClassRunner.java:86)
	at org.apache.maven.surefire.junit4.JUnit4Provider.execute(JUnit4Provider.java:252)
	at org.apache.maven.surefire.junit4.JUnit4Provider.executeTestSet(JUnit4Provider.java:141)
	at org.apache.maven.surefire.junit4.JUnit4Provider.invoke(JUnit4Provider.java:112)
	at java.base/jdk.internal.reflect.NativeMethodAccessorImpl.invoke0(Native Method)
	at java.base/jdk.internal.reflect.NativeMethodAccessorImpl.invoke(NativeMethodAccessorImpl.java:77)
	at java.base/jdk.internal.reflect.DelegatingMethodAccessorImpl.invoke(DelegatingMethodAccessorImpl.java:43)
	at java.base/java.lang.reflect.Method.invoke(Method.java:568)
	at org.apache.maven.surefire.util.ReflectionUtils.invokeMethodWithArray(ReflectionUtils.java:189)
	at org.apache.maven.surefire.booter.ProviderFactory$ProviderProxy.invoke(ProviderFactory.java:165)
	at org.apache.maven.surefire.booter.ProviderFactory.invokeProvider(ProviderFactory.java:85)
	at org.apache.maven.surefire.booter.ForkedBooter.runSuitesInProcess(ForkedBooter.java:115)
	at org.apache.maven.surefire.booter.ForkedBooter.main(ForkedBooter.java:75)
Caused by: java.lang.ClassNotFoundException: org.apache.log.format.Formatter
	at java.base/jdk.internal.loader.BuiltinClassLoader.loadClass(BuiltinClassLoader.java:641)
	at java.base/jdk.internal.loader.ClassLoaders$AppClassLoader.loadClass(ClassLoaders.java:188)
	at java.base/java.lang.ClassLoader.loadClass(ClassLoader.java:520)
	... 39 more
2022-11-18 18:39:37,096 - Trying to use logger class org.apache.velocity.runtime.log.Log4JLogChute
2022-11-18 18:39:37,096 - Using logger class org.apache.velocity.runtime.log.Log4JLogChute
2022-11-18 18:39:37,096 - Default ResourceManager initializing. (class org.apache.velocity.runtime.resource.ResourceManagerImpl)
2022-11-18 18:39:37,097 - ResourceLoader instantiated: org.apache.velocity.runtime.resource.loader.FileResourceLoader
2022-11-18 18:39:37,098 - Do unicode file recognition:  false
2022-11-18 18:39:37,098 - FileResourceLoader : adding path '.'
2022-11-18 18:39:37,102 - ResourceCache: initialized (class org.apache.velocity.runtime.resource.ResourceCacheImpl)
2022-11-18 18:39:37,102 - Loaded System Directive: org.apache.velocity.runtime.directive.Literal
2022-11-18 18:39:37,103 - Loaded System Directive: org.apache.velocity.runtime.directive.Macro
2022-11-18 18:39:37,103 - Loaded System Directive: org.apache.velocity.runtime.directive.Parse
2022-11-18 18:39:37,103 - Loaded System Directive: org.apache.velocity.runtime.directive.Include
2022-11-18 18:39:37,104 - Loaded System Directive: org.apache.velocity.runtime.directive.Foreach
2022-11-18 18:39:37,114 - Created '20' parsers.
2022-11-18 18:39:37,116 - Velocimacro : "velocimacro.library" is not set.  Trying default library: VM_global_library.vm
2022-11-18 18:39:37,116 - Velocimacro : Default library not found.
2022-11-18 18:39:37,116 - Velocimacro : allowInline = true : VMs can be defined inline in templates
2022-11-18 18:39:37,116 - Velocimacro : allowInlineToOverride = false : VMs defined inline may NOT replace previous VM definitions
2022-11-18 18:39:37,116 - Velocimacro : allowInlineLocal = false : VMs defined inline will be global in scope if allowed.
2022-11-18 18:39:37,116 - Velocimacro : autoload off : VM system will not automatically reload global library macros
